<html>
<head>
<title>TestNG:  Test</title>
<link href="../testng.css" rel="stylesheet" type="text/css" />
<link href="../my-testng.css" rel="stylesheet" type="text/css" />

<style type="text/css">
.log { display: none;} 
.stack-trace { display: none;} 
</style>
<script type="text/javascript">
<!--
function flip(e) {
  current = e.style.display;
  if (current == 'block') {
    e.style.display = 'none';
    return 0;
  }
  else {
    e.style.display = 'block';
    return 1;
  }
}

function toggleBox(szDivId, elem, msg1, msg2)
{
  var res = -1;  if (document.getElementById) {
    res = flip(document.getElementById(szDivId));
  }
  else if (document.all) {
    // this is the way old msie versions work
    res = flip(document.all[szDivId]);
  }
  if(elem) {
    if(res == 0) elem.innerHTML = msg1; else elem.innerHTML = msg2;
  }

}

function toggleAllBoxes() {
  if (document.getElementsByTagName) {
    d = document.getElementsByTagName('div');
    for (i = 0; i < d.length; i++) {
      if (d[i].className == 'log') {
        flip(d[i]);
      }
    }
  }
}

// -->
</script>

</head>
<body>
<h2 align='center'>Test</h2><table border='1' align="center">
<tr>
<td>Tests passed/Failed/Skipped:</td><td>18/8/0</td>
</tr><tr>
<td>Started on:</td><td>Mon Sep 24 06:13:54 IST 2018</td>
</tr>
<tr><td>Total time:</td><td>8757 seconds (8757004 ms)</td>
</tr><tr>
<td>Included groups:</td><td></td>
</tr><tr>
<td>Excluded groups:</td><td></td>
</tr>
</table><p/>
<small><i>(Hover the method name to see the test class name)</i></small><p/>
<table width='100%' border='1' class='invocation-failed'>
<tr><td colspan='4' align='center'><b>FAILED TESTS</b></td></tr>
<tr><td><b>Test method</b></td>
<td width="30%"><b>Exception</b></td>
<td width="10%"><b>Time (seconds)</b></td>
<td><b>Instance</b></td>
</tr>
<tr>
<td title='com.bookmyroom.testng.BookMyRoomTest.confirmBookingTest()'><b>confirmBookingTest</b><br>Test class: com.bookmyroom.testng.BookMyRoomTest<br>Parameters: TestCase_Confirm_2, Mumbai, 09/24, 09/25, Single-AC, Booking is Confirmed</td>
<td><div><pre>org.openqa.selenium.TimeoutException: Expected condition failed: waiting for visibility of element located by By.xpath: //mat-grid-tile[1]//div[@id=&apos;bookNow&apos;]//button[@color=&apos;primary&apos;] (tried for 3 second(s) with 500 milliseconds interval)
	at org.openqa.selenium.support.ui.WebDriverWait.timeoutException(WebDriverWait.java:81)
	at org.openqa.selenium.support.ui.FluentWait.until(FluentWait.java:271)
	at com.bookmyroom.util.Reusable.click(Reusable.java:104)
	at com.bookmyroom.pages.ConfirmBooking.confirmBooking(ConfirmBooking.java:49)
	at com.bookmyroom.testng.BookMyRoomTest.confirmBookingTest(BookMyRoomTest.java:128)
Caused by: org.openqa.selenium.NoSuchElementException: Cannot locate an element using By.xpath: //mat-grid-tile[1]//div[@id=&apos;bookNow&apos;]//button[@color=&apos;primary&apos;]
For documentation on this error, please visit: http://seleniumhq.org/exceptions/no_such_element.html
Build info: version: &apos;3.13.0&apos;, revision: &apos;2f0d292&apos;, time: &apos;2018-06-25T15:24:21.231Z&apos;
System info: host: &apos;G1C2ML15656&apos;, ip: &apos;172.17.124.165&apos;, os.name: &apos;Windows 10&apos;, os.arch: &apos;amd64&apos;, os.version: &apos;10.0&apos;, java.version: &apos;1.8.0_102&apos;
Driver info: driver.version: unknown
	at org.openqa.selenium.support.ui.ExpectedConditions.lambda$findElement$0(ExpectedConditions.java:896)
	at java.util.Optional.orElseThrow(Optional.java:290)
	at org.openqa.selenium.support.ui.ExpectedConditions.findElement(ExpectedConditions.java:895)
	at org.openqa.selenium.support.ui.ExpectedConditions.access$000(ExpectedConditions.java:44)
	at org.openqa.selenium.support.ui.ExpectedConditions$7.apply(ExpectedConditions.java:206)
	at org.openqa.selenium.support.ui.ExpectedConditions$7.apply(ExpectedConditions.java:202)
	at org.openqa.selenium.support.ui.FluentWait.until(FluentWait.java:248)
	... 31 more
... Removed 28 stack frames</pre></div><a href='#' onClick='toggleBox("stack-trace735754293", this, "Click to show all stack frames", "Click to hide stack frames")'>Click to show all stack frames</a>
<div class='stack-trace' id='stack-trace735754293'><pre>org.openqa.selenium.TimeoutException: Expected condition failed: waiting for visibility of element located by By.xpath: //mat-grid-tile[1]//div[@id=&apos;bookNow&apos;]//button[@color=&apos;primary&apos;] (tried for 3 second(s) with 500 milliseconds interval)
	at org.openqa.selenium.support.ui.WebDriverWait.timeoutException(WebDriverWait.java:81)
	at org.openqa.selenium.support.ui.FluentWait.until(FluentWait.java:271)
	at com.bookmyroom.util.Reusable.click(Reusable.java:104)
	at com.bookmyroom.pages.ConfirmBooking.confirmBooking(ConfirmBooking.java:49)
	at com.bookmyroom.testng.BookMyRoomTest.confirmBookingTest(BookMyRoomTest.java:128)
	at sun.reflect.NativeMethodAccessorImpl.invoke0(Native Method)
	at sun.reflect.NativeMethodAccessorImpl.invoke(NativeMethodAccessorImpl.java:62)
	at sun.reflect.DelegatingMethodAccessorImpl.invoke(DelegatingMethodAccessorImpl.java:43)
	at java.lang.reflect.Method.invoke(Method.java:498)
	at org.testng.internal.MethodInvocationHelper.invokeMethod(MethodInvocationHelper.java:124)
	at org.testng.internal.Invoker.invokeMethod(Invoker.java:583)
	at org.testng.internal.Invoker.invokeTestMethod(Invoker.java:719)
	at org.testng.internal.Invoker.invokeTestMethods(Invoker.java:989)
	at org.testng.internal.TestMethodWorker.invokeTestMethods(TestMethodWorker.java:125)
	at org.testng.internal.TestMethodWorker.run(TestMethodWorker.java:109)
	at org.testng.TestRunner.privateRun(TestRunner.java:648)
	at org.testng.TestRunner.run(TestRunner.java:505)
	at org.testng.SuiteRunner.runTest(SuiteRunner.java:455)
	at org.testng.SuiteRunner.runSequentially(SuiteRunner.java:450)
	at org.testng.SuiteRunner.privateRun(SuiteRunner.java:415)
	at org.testng.SuiteRunner.run(SuiteRunner.java:364)
	at org.testng.SuiteRunnerWorker.runSuite(SuiteRunnerWorker.java:52)
	at org.testng.SuiteRunnerWorker.run(SuiteRunnerWorker.java:84)
	at org.testng.TestNG.runSuitesSequentially(TestNG.java:1208)
	at org.testng.TestNG.runSuitesLocally(TestNG.java:1137)
	at org.testng.TestNG.runSuites(TestNG.java:1049)
	at org.testng.TestNG.run(TestNG.java:1017)
	at org.apache.maven.surefire.testng.TestNGExecutor.run(TestNGExecutor.java:295)
	at org.apache.maven.surefire.testng.TestNGXmlTestSuite.execute(TestNGXmlTestSuite.java:84)
	at org.apache.maven.surefire.testng.TestNGProvider.invoke(TestNGProvider.java:90)
	at org.apache.maven.surefire.booter.ForkedBooter.invokeProviderInSameClassLoader(ForkedBooter.java:203)
	at org.apache.maven.surefire.booter.ForkedBooter.runSuitesInProcess(ForkedBooter.java:155)
	at org.apache.maven.surefire.booter.ForkedBooter.main(ForkedBooter.java:103)
Caused by: org.openqa.selenium.NoSuchElementException: Cannot locate an element using By.xpath: //mat-grid-tile[1]//div[@id=&apos;bookNow&apos;]//button[@color=&apos;primary&apos;]
For documentation on this error, please visit: http://seleniumhq.org/exceptions/no_such_element.html
Build info: version: &apos;3.13.0&apos;, revision: &apos;2f0d292&apos;, time: &apos;2018-06-25T15:24:21.231Z&apos;
System info: host: &apos;G1C2ML15656&apos;, ip: &apos;172.17.124.165&apos;, os.name: &apos;Windows 10&apos;, os.arch: &apos;amd64&apos;, os.version: &apos;10.0&apos;, java.version: &apos;1.8.0_102&apos;
Driver info: driver.version: unknown
	at org.openqa.selenium.support.ui.ExpectedConditions.lambda$findElement$0(ExpectedConditions.java:896)
	at java.util.Optional.orElseThrow(Optional.java:290)
	at org.openqa.selenium.support.ui.ExpectedConditions.findElement(ExpectedConditions.java:895)
	at org.openqa.selenium.support.ui.ExpectedConditions.access$000(ExpectedConditions.java:44)
	at org.openqa.selenium.support.ui.ExpectedConditions$7.apply(ExpectedConditions.java:206)
	at org.openqa.selenium.support.ui.ExpectedConditions$7.apply(ExpectedConditions.java:202)
	at org.openqa.selenium.support.ui.FluentWait.until(FluentWait.java:248)
	... 31 more
</pre></div></td>
<td>33</td>
<td>com.bookmyroom.testng.BookMyRoomTest@86be70a</td></tr>
<tr>
<td title='com.bookmyroom.testng.BookMyRoomTest.confirmBookingTest()'><b>confirmBookingTest</b><br>Test class: com.bookmyroom.testng.BookMyRoomTest<br>Parameters: TestCase_Confirm_4, Chennai, 09/24, 09/26, Single-AC, Booking is Confirmed</td>
<td><div><pre>org.openqa.selenium.TimeoutException: Expected condition failed: waiting for visibility of element located by By.xpath: //span[@class=&apos;mat-button-wrapper&apos;] (tried for 3 second(s) with 500 milliseconds interval)
Build info: version: &apos;3.13.0&apos;, revision: &apos;2f0d292&apos;, time: &apos;2018-06-25T15:24:21.231Z&apos;
System info: host: &apos;G1C2ML15656&apos;, ip: &apos;172.17.124.165&apos;, os.name: &apos;Windows 10&apos;, os.arch: &apos;amd64&apos;, os.version: &apos;10.0&apos;, java.version: &apos;1.8.0_102&apos;
Driver info: org.openqa.selenium.chrome.ChromeDriver
Capabilities {acceptInsecureCerts: false, acceptSslCerts: false, applicationCacheEnabled: false, browserConnectionEnabled: false, browserName: chrome, chrome: {chromedriverVersion: 2.42.591088 (7b2b2dca23cca0..., userDataDir: C:\Users\M1047105\AppData\L...}, cssSelectorsEnabled: true, databaseEnabled: false, goog:chromeOptions: {debuggerAddress: localhost:50876}, handlesAlerts: true, hasTouchScreen: false, javascriptEnabled: true, locationContextEnabled: true, mobileEmulationEnabled: false, nativeEvents: true, networkConnectionEnabled: false, pageLoadStrategy: normal, platform: XP, platformName: XP, rotatable: false, setWindowRect: true, takesHeapSnapshot: true, takesScreenshot: true, unexpectedAlertBehaviour: , unhandledPromptBehavior: , version: 68.0.3440.106, webStorageEnabled: true}
Session ID: f5773077eb280e3bc5571b3b5058530e
	at org.openqa.selenium.support.ui.WebDriverWait.timeoutException(WebDriverWait.java:81)
	at org.openqa.selenium.support.ui.FluentWait.until(FluentWait.java:271)
	at com.bookmyroom.util.Reusable.click(Reusable.java:104)
	at com.bookmyroom.pages.SearchHotels.search(SearchHotels.java:50)
	at com.bookmyroom.pages.ConfirmBooking.confirmBooking(ConfirmBooking.java:43)
	at com.bookmyroom.testng.BookMyRoomTest.confirmBookingTest(BookMyRoomTest.java:128)
... Removed 28 stack frames</pre></div><a href='#' onClick='toggleBox("stack-trace792334135", this, "Click to show all stack frames", "Click to hide stack frames")'>Click to show all stack frames</a>
<div class='stack-trace' id='stack-trace792334135'><pre>org.openqa.selenium.TimeoutException: Expected condition failed: waiting for visibility of element located by By.xpath: //span[@class=&apos;mat-button-wrapper&apos;] (tried for 3 second(s) with 500 milliseconds interval)
Build info: version: &apos;3.13.0&apos;, revision: &apos;2f0d292&apos;, time: &apos;2018-06-25T15:24:21.231Z&apos;
System info: host: &apos;G1C2ML15656&apos;, ip: &apos;172.17.124.165&apos;, os.name: &apos;Windows 10&apos;, os.arch: &apos;amd64&apos;, os.version: &apos;10.0&apos;, java.version: &apos;1.8.0_102&apos;
Driver info: org.openqa.selenium.chrome.ChromeDriver
Capabilities {acceptInsecureCerts: false, acceptSslCerts: false, applicationCacheEnabled: false, browserConnectionEnabled: false, browserName: chrome, chrome: {chromedriverVersion: 2.42.591088 (7b2b2dca23cca0..., userDataDir: C:\Users\M1047105\AppData\L...}, cssSelectorsEnabled: true, databaseEnabled: false, goog:chromeOptions: {debuggerAddress: localhost:50876}, handlesAlerts: true, hasTouchScreen: false, javascriptEnabled: true, locationContextEnabled: true, mobileEmulationEnabled: false, nativeEvents: true, networkConnectionEnabled: false, pageLoadStrategy: normal, platform: XP, platformName: XP, rotatable: false, setWindowRect: true, takesHeapSnapshot: true, takesScreenshot: true, unexpectedAlertBehaviour: , unhandledPromptBehavior: , version: 68.0.3440.106, webStorageEnabled: true}
Session ID: f5773077eb280e3bc5571b3b5058530e
	at org.openqa.selenium.support.ui.WebDriverWait.timeoutException(WebDriverWait.java:81)
	at org.openqa.selenium.support.ui.FluentWait.until(FluentWait.java:271)
	at com.bookmyroom.util.Reusable.click(Reusable.java:104)
	at com.bookmyroom.pages.SearchHotels.search(SearchHotels.java:50)
	at com.bookmyroom.pages.ConfirmBooking.confirmBooking(ConfirmBooking.java:43)
	at com.bookmyroom.testng.BookMyRoomTest.confirmBookingTest(BookMyRoomTest.java:128)
	at sun.reflect.NativeMethodAccessorImpl.invoke0(Native Method)
	at sun.reflect.NativeMethodAccessorImpl.invoke(NativeMethodAccessorImpl.java:62)
	at sun.reflect.DelegatingMethodAccessorImpl.invoke(DelegatingMethodAccessorImpl.java:43)
	at java.lang.reflect.Method.invoke(Method.java:498)
	at org.testng.internal.MethodInvocationHelper.invokeMethod(MethodInvocationHelper.java:124)
	at org.testng.internal.Invoker.invokeMethod(Invoker.java:583)
	at org.testng.internal.Invoker.invokeTestMethod(Invoker.java:719)
	at org.testng.internal.Invoker.invokeTestMethods(Invoker.java:989)
	at org.testng.internal.TestMethodWorker.invokeTestMethods(TestMethodWorker.java:125)
	at org.testng.internal.TestMethodWorker.run(TestMethodWorker.java:109)
	at org.testng.TestRunner.privateRun(TestRunner.java:648)
	at org.testng.TestRunner.run(TestRunner.java:505)
	at org.testng.SuiteRunner.runTest(SuiteRunner.java:455)
	at org.testng.SuiteRunner.runSequentially(SuiteRunner.java:450)
	at org.testng.SuiteRunner.privateRun(SuiteRunner.java:415)
	at org.testng.SuiteRunner.run(SuiteRunner.java:364)
	at org.testng.SuiteRunnerWorker.runSuite(SuiteRunnerWorker.java:52)
	at org.testng.SuiteRunnerWorker.run(SuiteRunnerWorker.java:84)
	at org.testng.TestNG.runSuitesSequentially(TestNG.java:1208)
	at org.testng.TestNG.runSuitesLocally(TestNG.java:1137)
	at org.testng.TestNG.runSuites(TestNG.java:1049)
	at org.testng.TestNG.run(TestNG.java:1017)
	at org.apache.maven.surefire.testng.TestNGExecutor.run(TestNGExecutor.java:295)
	at org.apache.maven.surefire.testng.TestNGXmlTestSuite.execute(TestNGXmlTestSuite.java:84)
	at org.apache.maven.surefire.testng.TestNGProvider.invoke(TestNGProvider.java:90)
	at org.apache.maven.surefire.booter.ForkedBooter.invokeProviderInSameClassLoader(ForkedBooter.java:203)
	at org.apache.maven.surefire.booter.ForkedBooter.runSuitesInProcess(ForkedBooter.java:155)
	at org.apache.maven.surefire.booter.ForkedBooter.main(ForkedBooter.java:103)
</pre></div></td>
<td>2714</td>
<td>com.bookmyroom.testng.BookMyRoomTest@86be70a</td></tr>
<tr>
<td title='com.bookmyroom.testng.BookMyRoomTest.guestTest()'><b>guestTest</b><br>Test class: com.bookmyroom.testng.BookMyRoomTest<br>Parameters: TestCase_Search_1, Agra, 09/23, 09/24, Single-AC, Courtyard by Marriott</td>
<td><div><pre>java.lang.AssertionError: expected [false] but found [true]
	at com.bookmyroom.util.Reusable.verifyPresence(Reusable.java:167)
	at com.bookmyroom.pages.SearchHotels.guestSearch(SearchHotels.java:148)
	at com.bookmyroom.pages.GuestMode.guestSearch(GuestMode.java:45)
	at com.bookmyroom.testng.BookMyRoomTest.guestTest(BookMyRoomTest.java:149)
... Removed 32 stack frames</pre></div><a href='#' onClick='toggleBox("stack-trace765621171", this, "Click to show all stack frames", "Click to hide stack frames")'>Click to show all stack frames</a>
<div class='stack-trace' id='stack-trace765621171'><pre>java.lang.AssertionError: expected [false] but found [true]
	at org.testng.Assert.fail(Assert.java:96)
	at org.testng.Assert.failNotEquals(Assert.java:776)
	at org.testng.Assert.assertFalse(Assert.java:65)
	at org.testng.Assert.assertFalse(Assert.java:75)
	at com.bookmyroom.util.Reusable.verifyPresence(Reusable.java:167)
	at com.bookmyroom.pages.SearchHotels.guestSearch(SearchHotels.java:148)
	at com.bookmyroom.pages.GuestMode.guestSearch(GuestMode.java:45)
	at com.bookmyroom.testng.BookMyRoomTest.guestTest(BookMyRoomTest.java:149)
	at sun.reflect.NativeMethodAccessorImpl.invoke0(Native Method)
	at sun.reflect.NativeMethodAccessorImpl.invoke(NativeMethodAccessorImpl.java:62)
	at sun.reflect.DelegatingMethodAccessorImpl.invoke(DelegatingMethodAccessorImpl.java:43)
	at java.lang.reflect.Method.invoke(Method.java:498)
	at org.testng.internal.MethodInvocationHelper.invokeMethod(MethodInvocationHelper.java:124)
	at org.testng.internal.Invoker.invokeMethod(Invoker.java:583)
	at org.testng.internal.Invoker.invokeTestMethod(Invoker.java:719)
	at org.testng.internal.Invoker.invokeTestMethods(Invoker.java:989)
	at org.testng.internal.TestMethodWorker.invokeTestMethods(TestMethodWorker.java:125)
	at org.testng.internal.TestMethodWorker.run(TestMethodWorker.java:109)
	at org.testng.TestRunner.privateRun(TestRunner.java:648)
	at org.testng.TestRunner.run(TestRunner.java:505)
	at org.testng.SuiteRunner.runTest(SuiteRunner.java:455)
	at org.testng.SuiteRunner.runSequentially(SuiteRunner.java:450)
	at org.testng.SuiteRunner.privateRun(SuiteRunner.java:415)
	at org.testng.SuiteRunner.run(SuiteRunner.java:364)
	at org.testng.SuiteRunnerWorker.runSuite(SuiteRunnerWorker.java:52)
	at org.testng.SuiteRunnerWorker.run(SuiteRunnerWorker.java:84)
	at org.testng.TestNG.runSuitesSequentially(TestNG.java:1208)
	at org.testng.TestNG.runSuitesLocally(TestNG.java:1137)
	at org.testng.TestNG.runSuites(TestNG.java:1049)
	at org.testng.TestNG.run(TestNG.java:1017)
	at org.apache.maven.surefire.testng.TestNGExecutor.run(TestNGExecutor.java:295)
	at org.apache.maven.surefire.testng.TestNGXmlTestSuite.execute(TestNGXmlTestSuite.java:84)
	at org.apache.maven.surefire.testng.TestNGProvider.invoke(TestNGProvider.java:90)
	at org.apache.maven.surefire.booter.ForkedBooter.invokeProviderInSameClassLoader(ForkedBooter.java:203)
	at org.apache.maven.surefire.booter.ForkedBooter.runSuitesInProcess(ForkedBooter.java:155)
	at org.apache.maven.surefire.booter.ForkedBooter.main(ForkedBooter.java:103)
</pre></div></td>
<td>25</td>
<td>com.bookmyroom.testng.BookMyRoomTest@86be70a</td></tr>
<tr>
<td title='com.bookmyroom.testng.BookMyRoomTest.guestTest()'><b>guestTest</b><br>Test class: com.bookmyroom.testng.BookMyRoomTest<br>Parameters: TestCase_Search_5, Kolkata, 09/24, 09/23, Single-AC, CheckIn Date cannot be prior to CheckOut Date</td>
<td><div><pre>java.lang.AssertionError: expected [false] but found [true]
	at com.bookmyroom.util.Reusable.verifyPresence(Reusable.java:167)
	at com.bookmyroom.pages.SearchHotels.guestSearch(SearchHotels.java:148)
	at com.bookmyroom.pages.GuestMode.guestSearch(GuestMode.java:45)
	at com.bookmyroom.testng.BookMyRoomTest.guestTest(BookMyRoomTest.java:149)
... Removed 32 stack frames</pre></div><a href='#' onClick='toggleBox("stack-trace890801362", this, "Click to show all stack frames", "Click to hide stack frames")'>Click to show all stack frames</a>
<div class='stack-trace' id='stack-trace890801362'><pre>java.lang.AssertionError: expected [false] but found [true]
	at org.testng.Assert.fail(Assert.java:96)
	at org.testng.Assert.failNotEquals(Assert.java:776)
	at org.testng.Assert.assertFalse(Assert.java:65)
	at org.testng.Assert.assertFalse(Assert.java:75)
	at com.bookmyroom.util.Reusable.verifyPresence(Reusable.java:167)
	at com.bookmyroom.pages.SearchHotels.guestSearch(SearchHotels.java:148)
	at com.bookmyroom.pages.GuestMode.guestSearch(GuestMode.java:45)
	at com.bookmyroom.testng.BookMyRoomTest.guestTest(BookMyRoomTest.java:149)
	at sun.reflect.NativeMethodAccessorImpl.invoke0(Native Method)
	at sun.reflect.NativeMethodAccessorImpl.invoke(NativeMethodAccessorImpl.java:62)
	at sun.reflect.DelegatingMethodAccessorImpl.invoke(DelegatingMethodAccessorImpl.java:43)
	at java.lang.reflect.Method.invoke(Method.java:498)
	at org.testng.internal.MethodInvocationHelper.invokeMethod(MethodInvocationHelper.java:124)
	at org.testng.internal.Invoker.invokeMethod(Invoker.java:583)
	at org.testng.internal.Invoker.invokeTestMethod(Invoker.java:719)
	at org.testng.internal.Invoker.invokeTestMethods(Invoker.java:989)
	at org.testng.internal.TestMethodWorker.invokeTestMethods(TestMethodWorker.java:125)
	at org.testng.internal.TestMethodWorker.run(TestMethodWorker.java:109)
	at org.testng.TestRunner.privateRun(TestRunner.java:648)
	at org.testng.TestRunner.run(TestRunner.java:505)
	at org.testng.SuiteRunner.runTest(SuiteRunner.java:455)
	at org.testng.SuiteRunner.runSequentially(SuiteRunner.java:450)
	at org.testng.SuiteRunner.privateRun(SuiteRunner.java:415)
	at org.testng.SuiteRunner.run(SuiteRunner.java:364)
	at org.testng.SuiteRunnerWorker.runSuite(SuiteRunnerWorker.java:52)
	at org.testng.SuiteRunnerWorker.run(SuiteRunnerWorker.java:84)
	at org.testng.TestNG.runSuitesSequentially(TestNG.java:1208)
	at org.testng.TestNG.runSuitesLocally(TestNG.java:1137)
	at org.testng.TestNG.runSuites(TestNG.java:1049)
	at org.testng.TestNG.run(TestNG.java:1017)
	at org.apache.maven.surefire.testng.TestNGExecutor.run(TestNGExecutor.java:295)
	at org.apache.maven.surefire.testng.TestNGXmlTestSuite.execute(TestNGXmlTestSuite.java:84)
	at org.apache.maven.surefire.testng.TestNGProvider.invoke(TestNGProvider.java:90)
	at org.apache.maven.surefire.booter.ForkedBooter.invokeProviderInSameClassLoader(ForkedBooter.java:203)
	at org.apache.maven.surefire.booter.ForkedBooter.runSuitesInProcess(ForkedBooter.java:155)
	at org.apache.maven.surefire.booter.ForkedBooter.main(ForkedBooter.java:103)
</pre></div></td>
<td>23</td>
<td>com.bookmyroom.testng.BookMyRoomTest@86be70a</td></tr>
<tr>
<td title='com.bookmyroom.testng.BookMyRoomTest.searchTest()'><b>searchTest</b><br>Test class: com.bookmyroom.testng.BookMyRoomTest<br>Parameters: TestCase_Search_1, Agra, 09/23, 09/24, Single-AC, Hotel Bhoomi Residency </td>
<td><div><pre>java.lang.AssertionError: expected [false] but found [true]
	at com.bookmyroom.util.Reusable.verifyPresence(Reusable.java:167)
	at com.bookmyroom.pages.SearchHotels.search(SearchHotels.java:82)
	at com.bookmyroom.testng.BookMyRoomTest.searchTest(BookMyRoomTest.java:108)
... Removed 32 stack frames</pre></div><a href='#' onClick='toggleBox("stack-trace296756154", this, "Click to show all stack frames", "Click to hide stack frames")'>Click to show all stack frames</a>
<div class='stack-trace' id='stack-trace296756154'><pre>java.lang.AssertionError: expected [false] but found [true]
	at org.testng.Assert.fail(Assert.java:96)
	at org.testng.Assert.failNotEquals(Assert.java:776)
	at org.testng.Assert.assertFalse(Assert.java:65)
	at org.testng.Assert.assertFalse(Assert.java:75)
	at com.bookmyroom.util.Reusable.verifyPresence(Reusable.java:167)
	at com.bookmyroom.pages.SearchHotels.search(SearchHotels.java:82)
	at com.bookmyroom.testng.BookMyRoomTest.searchTest(BookMyRoomTest.java:108)
	at sun.reflect.NativeMethodAccessorImpl.invoke0(Native Method)
	at sun.reflect.NativeMethodAccessorImpl.invoke(NativeMethodAccessorImpl.java:62)
	at sun.reflect.DelegatingMethodAccessorImpl.invoke(DelegatingMethodAccessorImpl.java:43)
	at java.lang.reflect.Method.invoke(Method.java:498)
	at org.testng.internal.MethodInvocationHelper.invokeMethod(MethodInvocationHelper.java:124)
	at org.testng.internal.Invoker.invokeMethod(Invoker.java:583)
	at org.testng.internal.Invoker.invokeTestMethod(Invoker.java:719)
	at org.testng.internal.Invoker.invokeTestMethods(Invoker.java:989)
	at org.testng.internal.TestMethodWorker.invokeTestMethods(TestMethodWorker.java:125)
	at org.testng.internal.TestMethodWorker.run(TestMethodWorker.java:109)
	at org.testng.TestRunner.privateRun(TestRunner.java:648)
	at org.testng.TestRunner.run(TestRunner.java:505)
	at org.testng.SuiteRunner.runTest(SuiteRunner.java:455)
	at org.testng.SuiteRunner.runSequentially(SuiteRunner.java:450)
	at org.testng.SuiteRunner.privateRun(SuiteRunner.java:415)
	at org.testng.SuiteRunner.run(SuiteRunner.java:364)
	at org.testng.SuiteRunnerWorker.runSuite(SuiteRunnerWorker.java:52)
	at org.testng.SuiteRunnerWorker.run(SuiteRunnerWorker.java:84)
	at org.testng.TestNG.runSuitesSequentially(TestNG.java:1208)
	at org.testng.TestNG.runSuitesLocally(TestNG.java:1137)
	at org.testng.TestNG.runSuites(TestNG.java:1049)
	at org.testng.TestNG.run(TestNG.java:1017)
	at org.apache.maven.surefire.testng.TestNGExecutor.run(TestNGExecutor.java:295)
	at org.apache.maven.surefire.testng.TestNGXmlTestSuite.execute(TestNGXmlTestSuite.java:84)
	at org.apache.maven.surefire.testng.TestNGProvider.invoke(TestNGProvider.java:90)
	at org.apache.maven.surefire.booter.ForkedBooter.invokeProviderInSameClassLoader(ForkedBooter.java:203)
	at org.apache.maven.surefire.booter.ForkedBooter.runSuitesInProcess(ForkedBooter.java:155)
	at org.apache.maven.surefire.booter.ForkedBooter.main(ForkedBooter.java:103)
</pre></div></td>
<td>36</td>
<td>com.bookmyroom.testng.BookMyRoomTest@86be70a</td></tr>
<tr>
<td title='com.bookmyroom.testng.BookMyRoomTest.searchTest()'><b>searchTest</b><br>Test class: com.bookmyroom.testng.BookMyRoomTest<br>Parameters: TestCase_Search_4, Chennai, 09/23, 09/23, Single-AC, Checkout Date and CheckIn date Should not be same</td>
<td><div><pre>org.openqa.selenium.TimeoutException: Expected condition failed: waiting for visibility of element located by By.xpath: //span[@class=&apos;mat-button-wrapper&apos;] (tried for 3 second(s) with 500 milliseconds interval)
Build info: version: &apos;3.13.0&apos;, revision: &apos;2f0d292&apos;, time: &apos;2018-06-25T15:24:21.231Z&apos;
System info: host: &apos;G1C2ML15656&apos;, ip: &apos;172.17.124.165&apos;, os.name: &apos;Windows 10&apos;, os.arch: &apos;amd64&apos;, os.version: &apos;10.0&apos;, java.version: &apos;1.8.0_102&apos;
Driver info: org.openqa.selenium.chrome.ChromeDriver
Capabilities {acceptInsecureCerts: false, acceptSslCerts: false, applicationCacheEnabled: false, browserConnectionEnabled: false, browserName: chrome, chrome: {chromedriverVersion: 2.42.591088 (7b2b2dca23cca0..., userDataDir: C:\Users\M1047105\AppData\L...}, cssSelectorsEnabled: true, databaseEnabled: false, goog:chromeOptions: {debuggerAddress: localhost:50876}, handlesAlerts: true, hasTouchScreen: false, javascriptEnabled: true, locationContextEnabled: true, mobileEmulationEnabled: false, nativeEvents: true, networkConnectionEnabled: false, pageLoadStrategy: normal, platform: XP, platformName: XP, rotatable: false, setWindowRect: true, takesHeapSnapshot: true, takesScreenshot: true, unexpectedAlertBehaviour: , unhandledPromptBehavior: , version: 68.0.3440.106, webStorageEnabled: true}
Session ID: f5773077eb280e3bc5571b3b5058530e
	at org.openqa.selenium.support.ui.WebDriverWait.timeoutException(WebDriverWait.java:81)
	at org.openqa.selenium.support.ui.FluentWait.until(FluentWait.java:271)
	at com.bookmyroom.util.Reusable.click(Reusable.java:104)
	at com.bookmyroom.pages.SearchHotels.search(SearchHotels.java:50)
	at com.bookmyroom.testng.BookMyRoomTest.searchTest(BookMyRoomTest.java:108)
... Removed 28 stack frames</pre></div><a href='#' onClick='toggleBox("stack-trace755875625", this, "Click to show all stack frames", "Click to hide stack frames")'>Click to show all stack frames</a>
<div class='stack-trace' id='stack-trace755875625'><pre>org.openqa.selenium.TimeoutException: Expected condition failed: waiting for visibility of element located by By.xpath: //span[@class=&apos;mat-button-wrapper&apos;] (tried for 3 second(s) with 500 milliseconds interval)
Build info: version: &apos;3.13.0&apos;, revision: &apos;2f0d292&apos;, time: &apos;2018-06-25T15:24:21.231Z&apos;
System info: host: &apos;G1C2ML15656&apos;, ip: &apos;172.17.124.165&apos;, os.name: &apos;Windows 10&apos;, os.arch: &apos;amd64&apos;, os.version: &apos;10.0&apos;, java.version: &apos;1.8.0_102&apos;
Driver info: org.openqa.selenium.chrome.ChromeDriver
Capabilities {acceptInsecureCerts: false, acceptSslCerts: false, applicationCacheEnabled: false, browserConnectionEnabled: false, browserName: chrome, chrome: {chromedriverVersion: 2.42.591088 (7b2b2dca23cca0..., userDataDir: C:\Users\M1047105\AppData\L...}, cssSelectorsEnabled: true, databaseEnabled: false, goog:chromeOptions: {debuggerAddress: localhost:50876}, handlesAlerts: true, hasTouchScreen: false, javascriptEnabled: true, locationContextEnabled: true, mobileEmulationEnabled: false, nativeEvents: true, networkConnectionEnabled: false, pageLoadStrategy: normal, platform: XP, platformName: XP, rotatable: false, setWindowRect: true, takesHeapSnapshot: true, takesScreenshot: true, unexpectedAlertBehaviour: , unhandledPromptBehavior: , version: 68.0.3440.106, webStorageEnabled: true}
Session ID: f5773077eb280e3bc5571b3b5058530e
	at org.openqa.selenium.support.ui.WebDriverWait.timeoutException(WebDriverWait.java:81)
	at org.openqa.selenium.support.ui.FluentWait.until(FluentWait.java:271)
	at com.bookmyroom.util.Reusable.click(Reusable.java:104)
	at com.bookmyroom.pages.SearchHotels.search(SearchHotels.java:50)
	at com.bookmyroom.testng.BookMyRoomTest.searchTest(BookMyRoomTest.java:108)
	at sun.reflect.NativeMethodAccessorImpl.invoke0(Native Method)
	at sun.reflect.NativeMethodAccessorImpl.invoke(NativeMethodAccessorImpl.java:62)
	at sun.reflect.DelegatingMethodAccessorImpl.invoke(DelegatingMethodAccessorImpl.java:43)
	at java.lang.reflect.Method.invoke(Method.java:498)
	at org.testng.internal.MethodInvocationHelper.invokeMethod(MethodInvocationHelper.java:124)
	at org.testng.internal.Invoker.invokeMethod(Invoker.java:583)
	at org.testng.internal.Invoker.invokeTestMethod(Invoker.java:719)
	at org.testng.internal.Invoker.invokeTestMethods(Invoker.java:989)
	at org.testng.internal.TestMethodWorker.invokeTestMethods(TestMethodWorker.java:125)
	at org.testng.internal.TestMethodWorker.run(TestMethodWorker.java:109)
	at org.testng.TestRunner.privateRun(TestRunner.java:648)
	at org.testng.TestRunner.run(TestRunner.java:505)
	at org.testng.SuiteRunner.runTest(SuiteRunner.java:455)
	at org.testng.SuiteRunner.runSequentially(SuiteRunner.java:450)
	at org.testng.SuiteRunner.privateRun(SuiteRunner.java:415)
	at org.testng.SuiteRunner.run(SuiteRunner.java:364)
	at org.testng.SuiteRunnerWorker.runSuite(SuiteRunnerWorker.java:52)
	at org.testng.SuiteRunnerWorker.run(SuiteRunnerWorker.java:84)
	at org.testng.TestNG.runSuitesSequentially(TestNG.java:1208)
	at org.testng.TestNG.runSuitesLocally(TestNG.java:1137)
	at org.testng.TestNG.runSuites(TestNG.java:1049)
	at org.testng.TestNG.run(TestNG.java:1017)
	at org.apache.maven.surefire.testng.TestNGExecutor.run(TestNGExecutor.java:295)
	at org.apache.maven.surefire.testng.TestNGXmlTestSuite.execute(TestNGXmlTestSuite.java:84)
	at org.apache.maven.surefire.testng.TestNGProvider.invoke(TestNGProvider.java:90)
	at org.apache.maven.surefire.booter.ForkedBooter.invokeProviderInSameClassLoader(ForkedBooter.java:203)
	at org.apache.maven.surefire.booter.ForkedBooter.runSuitesInProcess(ForkedBooter.java:155)
	at org.apache.maven.surefire.booter.ForkedBooter.main(ForkedBooter.java:103)
</pre></div></td>
<td>18</td>
<td>com.bookmyroom.testng.BookMyRoomTest@86be70a</td></tr>
<tr>
<td title='com.bookmyroom.testng.BookMyRoomTest.searchTest()'><b>searchTest</b><br>Test class: com.bookmyroom.testng.BookMyRoomTest<br>Parameters: TestCase_Search_5, Kolkata, 09/24, 09/23, Single-AC, CheckIn Date cannot be prior to CheckOut Date</td>
<td><div><pre>java.lang.AssertionError: expected [false] but found [true]
	at com.bookmyroom.util.Reusable.verifyPresence(Reusable.java:167)
	at com.bookmyroom.pages.SearchHotels.search(SearchHotels.java:82)
	at com.bookmyroom.testng.BookMyRoomTest.searchTest(BookMyRoomTest.java:108)
... Removed 32 stack frames</pre></div><a href='#' onClick='toggleBox("stack-trace1204875084", this, "Click to show all stack frames", "Click to hide stack frames")'>Click to show all stack frames</a>
<div class='stack-trace' id='stack-trace1204875084'><pre>java.lang.AssertionError: expected [false] but found [true]
	at org.testng.Assert.fail(Assert.java:96)
	at org.testng.Assert.failNotEquals(Assert.java:776)
	at org.testng.Assert.assertFalse(Assert.java:65)
	at org.testng.Assert.assertFalse(Assert.java:75)
	at com.bookmyroom.util.Reusable.verifyPresence(Reusable.java:167)
	at com.bookmyroom.pages.SearchHotels.search(SearchHotels.java:82)
	at com.bookmyroom.testng.BookMyRoomTest.searchTest(BookMyRoomTest.java:108)
	at sun.reflect.NativeMethodAccessorImpl.invoke0(Native Method)
	at sun.reflect.NativeMethodAccessorImpl.invoke(NativeMethodAccessorImpl.java:62)
	at sun.reflect.DelegatingMethodAccessorImpl.invoke(DelegatingMethodAccessorImpl.java:43)
	at java.lang.reflect.Method.invoke(Method.java:498)
	at org.testng.internal.MethodInvocationHelper.invokeMethod(MethodInvocationHelper.java:124)
	at org.testng.internal.Invoker.invokeMethod(Invoker.java:583)
	at org.testng.internal.Invoker.invokeTestMethod(Invoker.java:719)
	at org.testng.internal.Invoker.invokeTestMethods(Invoker.java:989)
	at org.testng.internal.TestMethodWorker.invokeTestMethods(TestMethodWorker.java:125)
	at org.testng.internal.TestMethodWorker.run(TestMethodWorker.java:109)
	at org.testng.TestRunner.privateRun(TestRunner.java:648)
	at org.testng.TestRunner.run(TestRunner.java:505)
	at org.testng.SuiteRunner.runTest(SuiteRunner.java:455)
	at org.testng.SuiteRunner.runSequentially(SuiteRunner.java:450)
	at org.testng.SuiteRunner.privateRun(SuiteRunner.java:415)
	at org.testng.SuiteRunner.run(SuiteRunner.java:364)
	at org.testng.SuiteRunnerWorker.runSuite(SuiteRunnerWorker.java:52)
	at org.testng.SuiteRunnerWorker.run(SuiteRunnerWorker.java:84)
	at org.testng.TestNG.runSuitesSequentially(TestNG.java:1208)
	at org.testng.TestNG.runSuitesLocally(TestNG.java:1137)
	at org.testng.TestNG.runSuites(TestNG.java:1049)
	at org.testng.TestNG.run(TestNG.java:1017)
	at org.apache.maven.surefire.testng.TestNGExecutor.run(TestNGExecutor.java:295)
	at org.apache.maven.surefire.testng.TestNGXmlTestSuite.execute(TestNGXmlTestSuite.java:84)
	at org.apache.maven.surefire.testng.TestNGProvider.invoke(TestNGProvider.java:90)
	at org.apache.maven.surefire.booter.ForkedBooter.invokeProviderInSameClassLoader(ForkedBooter.java:203)
	at org.apache.maven.surefire.booter.ForkedBooter.runSuitesInProcess(ForkedBooter.java:155)
	at org.apache.maven.surefire.booter.ForkedBooter.main(ForkedBooter.java:103)
</pre></div></td>
<td>35</td>
<td>com.bookmyroom.testng.BookMyRoomTest@86be70a</td></tr>
<tr>
<td title='com.bookmyroom.testng.BookMyRoomTest.signUpTest()'><b>signUpTest</b><br>Test class: com.bookmyroom.testng.BookMyRoomTest<br>Parameters: TestCase_SignUp_5, Nikhil Reddy, nikhilreddyaileni@gmail.com, Aa5, Qwerty#123, Male, 22, 9490222395, Oops…</td>
<td><div><pre>java.lang.AssertionError: expected [false] but found [true]
	at com.bookmyroom.util.Reusable.verifyPresence(Reusable.java:167)
	at com.bookmyroom.pages.SignUpPage.signUp(SignUpPage.java:89)
	at com.bookmyroom.testng.BookMyRoomTest.signUpTest(BookMyRoomTest.java:64)
... Removed 32 stack frames</pre></div><a href='#' onClick='toggleBox("stack-trace369892616", this, "Click to show all stack frames", "Click to hide stack frames")'>Click to show all stack frames</a>
<div class='stack-trace' id='stack-trace369892616'><pre>java.lang.AssertionError: expected [false] but found [true]
	at org.testng.Assert.fail(Assert.java:96)
	at org.testng.Assert.failNotEquals(Assert.java:776)
	at org.testng.Assert.assertFalse(Assert.java:65)
	at org.testng.Assert.assertFalse(Assert.java:75)
	at com.bookmyroom.util.Reusable.verifyPresence(Reusable.java:167)
	at com.bookmyroom.pages.SignUpPage.signUp(SignUpPage.java:89)
	at com.bookmyroom.testng.BookMyRoomTest.signUpTest(BookMyRoomTest.java:64)
	at sun.reflect.NativeMethodAccessorImpl.invoke0(Native Method)
	at sun.reflect.NativeMethodAccessorImpl.invoke(NativeMethodAccessorImpl.java:62)
	at sun.reflect.DelegatingMethodAccessorImpl.invoke(DelegatingMethodAccessorImpl.java:43)
	at java.lang.reflect.Method.invoke(Method.java:498)
	at org.testng.internal.MethodInvocationHelper.invokeMethod(MethodInvocationHelper.java:124)
	at org.testng.internal.Invoker.invokeMethod(Invoker.java:583)
	at org.testng.internal.Invoker.invokeTestMethod(Invoker.java:719)
	at org.testng.internal.Invoker.invokeTestMethods(Invoker.java:989)
	at org.testng.internal.TestMethodWorker.invokeTestMethods(TestMethodWorker.java:125)
	at org.testng.internal.TestMethodWorker.run(TestMethodWorker.java:109)
	at org.testng.TestRunner.privateRun(TestRunner.java:648)
	at org.testng.TestRunner.run(TestRunner.java:505)
	at org.testng.SuiteRunner.runTest(SuiteRunner.java:455)
	at org.testng.SuiteRunner.runSequentially(SuiteRunner.java:450)
	at org.testng.SuiteRunner.privateRun(SuiteRunner.java:415)
	at org.testng.SuiteRunner.run(SuiteRunner.java:364)
	at org.testng.SuiteRunnerWorker.runSuite(SuiteRunnerWorker.java:52)
	at org.testng.SuiteRunnerWorker.run(SuiteRunnerWorker.java:84)
	at org.testng.TestNG.runSuitesSequentially(TestNG.java:1208)
	at org.testng.TestNG.runSuitesLocally(TestNG.java:1137)
	at org.testng.TestNG.runSuites(TestNG.java:1049)
	at org.testng.TestNG.run(TestNG.java:1017)
	at org.apache.maven.surefire.testng.TestNGExecutor.run(TestNGExecutor.java:295)
	at org.apache.maven.surefire.testng.TestNGXmlTestSuite.execute(TestNGXmlTestSuite.java:84)
	at org.apache.maven.surefire.testng.TestNGProvider.invoke(TestNGProvider.java:90)
	at org.apache.maven.surefire.booter.ForkedBooter.invokeProviderInSameClassLoader(ForkedBooter.java:203)
	at org.apache.maven.surefire.booter.ForkedBooter.runSuitesInProcess(ForkedBooter.java:155)
	at org.apache.maven.surefire.booter.ForkedBooter.main(ForkedBooter.java:103)
</pre></div></td>
<td>31</td>
<td>com.bookmyroom.testng.BookMyRoomTest@86be70a</td></tr>
</table><p>
<table width='100%' border='1' class='invocation-passed'>
<tr><td colspan='4' align='center'><b>PASSED TESTS</b></td></tr>
<tr><td><b>Test method</b></td>
<td width="30%"><b>Exception</b></td>
<td width="10%"><b>Time (seconds)</b></td>
<td><b>Instance</b></td>
</tr>
<tr>
<td title='com.bookmyroom.testng.BookMyRoomTest.confirmBookingTest()'><b>confirmBookingTest</b><br>Test class: com.bookmyroom.testng.BookMyRoomTest<br>Parameters: TestCase_Confirm_1, Agra, 09/24, 09/25, Single-AC, Booking is Confirmed</td>
<td></td>
<td>54</td>
<td>com.bookmyroom.testng.BookMyRoomTest@86be70a</td></tr>
<tr>
<td title='com.bookmyroom.testng.BookMyRoomTest.confirmBookingTest()'><b>confirmBookingTest</b><br>Test class: com.bookmyroom.testng.BookMyRoomTest<br>Parameters: TestCase_Confirm_3, Agra, 09/25, 09/26, Single-AC, Booking is Confirmed</td>
<td></td>
<td>43</td>
<td>com.bookmyroom.testng.BookMyRoomTest@86be70a</td></tr>
<tr>
<td title='com.bookmyroom.testng.BookMyRoomTest.confirmBookingTest()'><b>confirmBookingTest</b><br>Test class: com.bookmyroom.testng.BookMyRoomTest<br>Parameters: TestCase_Confirm_5, Kolkata, 09/24, 09/25, Single-AC, Booking is Confirmed</td>
<td></td>
<td>5316</td>
<td>com.bookmyroom.testng.BookMyRoomTest@86be70a</td></tr>
<tr>
<td title='com.bookmyroom.testng.BookMyRoomTest.guestTest()'><b>guestTest</b><br>Test class: com.bookmyroom.testng.BookMyRoomTest<br>Parameters: TestCase_Search_2, Mumbai, 09/23, 09/24, Single-AC, Please Select Proper City Name</td>
<td></td>
<td>24</td>
<td>com.bookmyroom.testng.BookMyRoomTest@86be70a</td></tr>
<tr>
<td title='com.bookmyroom.testng.BookMyRoomTest.guestTest()'><b>guestTest</b><br>Test class: com.bookmyroom.testng.BookMyRoomTest<br>Parameters: TestCase_Search_3, Agra, 09/23, 09/23, Single-AC, Checkout Date and CheckIn date Should not be same</td>
<td></td>
<td>24</td>
<td>com.bookmyroom.testng.BookMyRoomTest@86be70a</td></tr>
<tr>
<td title='com.bookmyroom.testng.BookMyRoomTest.guestTest()'><b>guestTest</b><br>Test class: com.bookmyroom.testng.BookMyRoomTest<br>Parameters: TestCase_Search_4, Chennai, 09/23, 09/23, Single-AC, Checkout Date and CheckIn date Should not be same</td>
<td></td>
<td>25</td>
<td>com.bookmyroom.testng.BookMyRoomTest@86be70a</td></tr>
<tr>
<td title='com.bookmyroom.testng.BookMyRoomTest.loginTest()'><b>loginTest</b><br>Test class: com.bookmyroom.testng.BookMyRoomTest<br>Parameters: TestCase_Login_1, Nikhil4, Nikhil@6, Logged in Successfully !</td>
<td></td>
<td>18</td>
<td>com.bookmyroom.testng.BookMyRoomTest@86be70a</td></tr>
<tr>
<td title='com.bookmyroom.testng.BookMyRoomTest.loginTest()'><b>loginTest</b><br>Test class: com.bookmyroom.testng.BookMyRoomTest<br>Parameters: TestCase_Login_2, admin, admin, Invalid Credentials !</td>
<td></td>
<td>20</td>
<td>com.bookmyroom.testng.BookMyRoomTest@86be70a</td></tr>
<tr>
<td title='com.bookmyroom.testng.BookMyRoomTest.loginTest()'><b>loginTest</b><br>Test class: com.bookmyroom.testng.BookMyRoomTest<br>Parameters: TestCase_Login_3, Nikhil, Nikhil@6, Invalid Credentials !</td>
<td></td>
<td>20</td>
<td>com.bookmyroom.testng.BookMyRoomTest@86be70a</td></tr>
<tr>
<td title='com.bookmyroom.testng.BookMyRoomTest.loginTest()'><b>loginTest</b><br>Test class: com.bookmyroom.testng.BookMyRoomTest<br>Parameters: TestCase_Login_4, Nikhil4, Qwerty123, Invalid Credentials !</td>
<td></td>
<td>20</td>
<td>com.bookmyroom.testng.BookMyRoomTest@86be70a</td></tr>
<tr>
<td title='com.bookmyroom.testng.BookMyRoomTest.loginTest()'><b>loginTest</b><br>Test class: com.bookmyroom.testng.BookMyRoomTest<br>Parameters: TestCase_Login_5, qwerty, 123456.0, Invalid Credentials !</td>
<td></td>
<td>20</td>
<td>com.bookmyroom.testng.BookMyRoomTest@86be70a</td></tr>
<tr>
<td title='com.bookmyroom.testng.BookMyRoomTest.searchTest()'><b>searchTest</b><br>Test class: com.bookmyroom.testng.BookMyRoomTest<br>Parameters: TestCase_Search_2, Mumbai, 09/23, 09/24, Single-AC, Please Select Proper City Name</td>
<td></td>
<td>36</td>
<td>com.bookmyroom.testng.BookMyRoomTest@86be70a</td></tr>
<tr>
<td title='com.bookmyroom.testng.BookMyRoomTest.searchTest()'><b>searchTest</b><br>Test class: com.bookmyroom.testng.BookMyRoomTest<br>Parameters: TestCase_Search_3, Agra, 09/23, 09/23, Single-AC, Checkout Date and CheckIn date Should not be same</td>
<td></td>
<td>35</td>
<td>com.bookmyroom.testng.BookMyRoomTest@86be70a</td></tr>
<tr>
<td title='com.bookmyroom.testng.BookMyRoomTest.signUpTest()'><b>signUpTest</b><br>Test class: com.bookmyroom.testng.BookMyRoomTest<br>Parameters: TestCase_SignUp_1, Nikhil Reddy, nikhilreddyaileni@gmail.com, Aa1, Qwerty#123, Male, 22, 9490222395, Oops...</td>
<td></td>
<td>30</td>
<td>com.bookmyroom.testng.BookMyRoomTest@86be70a</td></tr>
<tr>
<td title='com.bookmyroom.testng.BookMyRoomTest.signUpTest()'><b>signUpTest</b><br>Test class: com.bookmyroom.testng.BookMyRoomTest<br>Parameters: TestCase_SignUp_2, Nikhil Reddy, nikhilreddyaileni@gmail.com, Aa2, Qwerty#123, Male, 22, 9490222395, Oops...</td>
<td></td>
<td>31</td>
<td>com.bookmyroom.testng.BookMyRoomTest@86be70a</td></tr>
<tr>
<td title='com.bookmyroom.testng.BookMyRoomTest.signUpTest()'><b>signUpTest</b><br>Test class: com.bookmyroom.testng.BookMyRoomTest<br>Parameters: TestCase_SignUp_3, Nikhil Reddy, nikhilreddyaileni@gmail.com, Aa3, Qwerty#123, Male, 22, 9490222395, Oops...</td>
<td></td>
<td>32</td>
<td>com.bookmyroom.testng.BookMyRoomTest@86be70a</td></tr>
<tr>
<td title='com.bookmyroom.testng.BookMyRoomTest.signUpTest()'><b>signUpTest</b><br>Test class: com.bookmyroom.testng.BookMyRoomTest<br>Parameters: TestCase_SignUp_4, Nikhil Reddy, nikhilreddyaileni@gmail.com, Aa4, Qwerty#123, Male, 22, 9490222395, Oops...</td>
<td></td>
<td>32</td>
<td>com.bookmyroom.testng.BookMyRoomTest@86be70a</td></tr>
<tr>
<td title='com.bookmyroom.testng.BookMyRoomTest.signUpTest()'><b>signUpTest</b><br>Test class: com.bookmyroom.testng.BookMyRoomTest<br>Parameters: TestCase_SignUp_6, Nikhil Reddy, nikhillllllll24@gmail.com, Aa24444, Qwerty#123, Male, 22, 9490222395, Oops...</td>
<td></td>
<td>30</td>
<td>com.bookmyroom.testng.BookMyRoomTest@86be70a</td></tr>
</table><p>
</body>
</html>