<!DOCTYPE html PUBLIC "-//W3C//DTD XHTML 1.1//EN" "http://www.w3.org/TR/xhtml11/DTD/xhtml11.dtd">
<html xmlns="http://www.w3.org/1999/xhtml">
<head>
<meta http-equiv="content-type" content="text/html; charset=UTF-8"/>
<title>TestNG Report</title>
<style type="text/css">table {margin-bottom:10px;border-collapse:collapse;empty-cells:show}th,td {border:1px solid #009;padding:.25em .5em}th {vertical-align:bottom}td {vertical-align:top}table a {font-weight:bold}.stripe td {background-color: #E6EBF9}.num {text-align:right}.passedodd td {background-color: #3F3}.passedeven td {background-color: #0A0}.skippedodd td {background-color: #DDD}.skippedeven td {background-color: #CCC}.failedodd td,.attn {background-color: #F33}.failedeven td,.stripe .attn {background-color: #D00}.stacktrace {white-space:pre;font-family:monospace}.totop {font-size:85%;text-align:center;border-bottom:2px solid #000}.invisible {display:none}</style>
</head>
<body>
<table>
<tr><th>Test</th><th># Passed</th><th># Skipped</th><th># Failed</th><th>Time (ms)</th><th>Included Groups</th><th>Excluded Groups</th></tr>
<tr><th colspan="7">Suite</th></tr>
<tr><td><a href="#t0">Test</a></td><td class="num">18</td><td class="num">0</td><td class="num attn">8</td><td class="num">8,757,004</td><td></td><td></td></tr>
</table>
<table id='summary'><thead><tr><th>Class</th><th>Method</th><th>Start</th><th>Time (ms)</th></tr></thead><tbody><tr><th colspan="4">Suite</th></tr></tbody><tbody id="t0"><tr><th colspan="4">Test &#8212; failed</th></tr><tr class="failedeven"><td rowspan="8">com.bookmyroom.testng.BookMyRoomTest</td><td><a href="#m0">confirmBookingTest</a></td><td rowspan="2">1537749973531</td><td rowspan="2">2714280</td></tr><tr class="failedeven"><td><a href="#m1">confirmBookingTest</a></td></tr><tr class="failedeven"><td><a href="#m2">guestTest</a></td><td rowspan="2">1537758008877</td><td rowspan="2">25122</td></tr><tr class="failedeven"><td><a href="#m3">guestTest</a></td></tr><tr class="failedeven"><td><a href="#m4">searchTest</a></td><td rowspan="3">1537758346179</td><td rowspan="3">18902</td></tr><tr class="failedeven"><td><a href="#m5">searchTest</a></td></tr><tr class="failedeven"><td><a href="#m6">searchTest</a></td></tr><tr class="failedeven"><td><a href="#m7">signUpTest</a></td><td rowspan="1">1537758529096</td><td rowspan="1">31137</td></tr><tr><th colspan="4">Test &#8212; passed</th></tr><tr class="passedeven"><td rowspan="18">com.bookmyroom.testng.BookMyRoomTest</td><td><a href="#m8">confirmBookingTest</a></td><td rowspan="3">1537752691914</td><td rowspan="3">5316866</td></tr><tr class="passedeven"><td><a href="#m9">confirmBookingTest</a></td></tr><tr class="passedeven"><td><a href="#m10">confirmBookingTest</a></td></tr><tr class="passedeven"><td><a href="#m11">guestTest</a></td><td rowspan="3">1537758035375</td><td rowspan="3">24793</td></tr><tr class="passedeven"><td><a href="#m12">guestTest</a></td></tr><tr class="passedeven"><td><a href="#m13">guestTest</a></td></tr><tr class="passedeven"><td><a href="#m14">loginTest</a></td><td rowspan="5">1537758153705</td><td rowspan="5">20434</td></tr><tr class="passedeven"><td><a href="#m15">loginTest</a></td></tr><tr class="passedeven"><td><a href="#m16">loginTest</a></td></tr><tr class="passedeven"><td><a href="#m17">loginTest</a></td></tr><tr class="passedeven"><td><a href="#m18">loginTest</a></td></tr><tr class="passedeven"><td><a href="#m19">searchTest</a></td><td rowspan="2">1537758310628</td><td rowspan="2">35550</td></tr><tr class="passedeven"><td><a href="#m20">searchTest</a></td></tr><tr class="passedeven"><td><a href="#m21">signUpTest</a></td><td rowspan="5">1537758496891</td><td rowspan="5">32204</td></tr><tr class="passedeven"><td><a href="#m22">signUpTest</a></td></tr><tr class="passedeven"><td><a href="#m23">signUpTest</a></td></tr><tr class="passedeven"><td><a href="#m24">signUpTest</a></td></tr><tr class="passedeven"><td><a href="#m25">signUpTest</a></td></tr></tbody>
</table>
<h2>Test</h2><h3 id="m0">com.bookmyroom.testng.BookMyRoomTest#confirmBookingTest</h3><table class="result"><tr class="param"><th>Parameter #1</th><th>Parameter #2</th><th>Parameter #3</th><th>Parameter #4</th><th>Parameter #5</th><th>Parameter #6</th></tr><tr class="param stripe"><td>TestCase_Confirm_4</td><td>Chennai</td><td>09/24</td><td>09/26</td><td>Single-AC</td><td>Booking is Confirmed</td></tr><tr><th colspan="6">Exception</th></tr><tr><td colspan="6"><div class="stacktrace">org.openqa.selenium.TimeoutException: Expected condition failed: waiting for visibility of element located by By.xpath: //span[@class=&apos;mat-button-wrapper&apos;] (tried for 3 second(s) with 500 milliseconds interval)
Build info: version: &apos;3.13.0&apos;, revision: &apos;2f0d292&apos;, time: &apos;2018-06-25T15:24:21.231Z&apos;
System info: host: &apos;G1C2ML15656&apos;, ip: &apos;172.17.124.165&apos;, os.name: &apos;Windows 10&apos;, os.arch: &apos;amd64&apos;, os.version: &apos;10.0&apos;, java.version: &apos;1.8.0_102&apos;
Driver info: org.openqa.selenium.chrome.ChromeDriver
Capabilities {acceptInsecureCerts: false, acceptSslCerts: false, applicationCacheEnabled: false, browserConnectionEnabled: false, browserName: chrome, chrome: {chromedriverVersion: 2.42.591088 (7b2b2dca23cca0..., userDataDir: C:\Users\M1047105\AppData\L...}, cssSelectorsEnabled: true, databaseEnabled: false, goog:chromeOptions: {debuggerAddress: localhost:50876}, handlesAlerts: true, hasTouchScreen: false, javascriptEnabled: true, locationContextEnabled: true, mobileEmulationEnabled: false, nativeEvents: true, networkConnectionEnabled: false, pageLoadStrategy: normal, platform: XP, platformName: XP, rotatable: false, setWindowRect: true, takesHeapSnapshot: true, takesScreenshot: true, unexpectedAlertBehaviour: , unhandledPromptBehavior: , version: 68.0.3440.106, webStorageEnabled: true}
Session ID: f5773077eb280e3bc5571b3b5058530e
	at org.openqa.selenium.support.ui.WebDriverWait.timeoutException(WebDriverWait.java:81)
	at org.openqa.selenium.support.ui.FluentWait.until(FluentWait.java:271)
	at com.bookmyroom.util.Reusable.click(Reusable.java:104)
	at com.bookmyroom.pages.SearchHotels.search(SearchHotels.java:50)
	at com.bookmyroom.pages.ConfirmBooking.confirmBooking(ConfirmBooking.java:43)
	at com.bookmyroom.testng.BookMyRoomTest.confirmBookingTest(BookMyRoomTest.java:128)
... Removed 28 stack frames</div></td></tr></table><p class="totop"><a href="#summary">back to summary</a></p>
<h3 id="m1">com.bookmyroom.testng.BookMyRoomTest#confirmBookingTest</h3><table class="result"><tr class="param"><th>Parameter #1</th><th>Parameter #2</th><th>Parameter #3</th><th>Parameter #4</th><th>Parameter #5</th><th>Parameter #6</th></tr><tr class="param stripe"><td>TestCase_Confirm_2</td><td>Mumbai</td><td>09/24</td><td>09/25</td><td>Single-AC</td><td>Booking is Confirmed</td></tr><tr><th colspan="6">Exception</th></tr><tr><td colspan="6"><div class="stacktrace">org.openqa.selenium.TimeoutException: Expected condition failed: waiting for visibility of element located by By.xpath: //mat-grid-tile[1]//div[@id=&apos;bookNow&apos;]//button[@color=&apos;primary&apos;] (tried for 3 second(s) with 500 milliseconds interval)
	at org.openqa.selenium.support.ui.WebDriverWait.timeoutException(WebDriverWait.java:81)
	at org.openqa.selenium.support.ui.FluentWait.until(FluentWait.java:271)
	at com.bookmyroom.util.Reusable.click(Reusable.java:104)
	at com.bookmyroom.pages.ConfirmBooking.confirmBooking(ConfirmBooking.java:49)
	at com.bookmyroom.testng.BookMyRoomTest.confirmBookingTest(BookMyRoomTest.java:128)
Caused by: org.openqa.selenium.NoSuchElementException: Cannot locate an element using By.xpath: //mat-grid-tile[1]//div[@id=&apos;bookNow&apos;]//button[@color=&apos;primary&apos;]
For documentation on this error, please visit: http://seleniumhq.org/exceptions/no_such_element.html
Build info: version: &apos;3.13.0&apos;, revision: &apos;2f0d292&apos;, time: &apos;2018-06-25T15:24:21.231Z&apos;
System info: host: &apos;G1C2ML15656&apos;, ip: &apos;172.17.124.165&apos;, os.name: &apos;Windows 10&apos;, os.arch: &apos;amd64&apos;, os.version: &apos;10.0&apos;, java.version: &apos;1.8.0_102&apos;
Driver info: driver.version: unknown
	at org.openqa.selenium.support.ui.ExpectedConditions.lambda$findElement$0(ExpectedConditions.java:896)
	at java.util.Optional.orElseThrow(Optional.java:290)
	at org.openqa.selenium.support.ui.ExpectedConditions.findElement(ExpectedConditions.java:895)
	at org.openqa.selenium.support.ui.ExpectedConditions.access$000(ExpectedConditions.java:44)
	at org.openqa.selenium.support.ui.ExpectedConditions$7.apply(ExpectedConditions.java:206)
	at org.openqa.selenium.support.ui.ExpectedConditions$7.apply(ExpectedConditions.java:202)
	at org.openqa.selenium.support.ui.FluentWait.until(FluentWait.java:248)
	... 31 more
... Removed 28 stack frames</div></td></tr></table><p class="totop"><a href="#summary">back to summary</a></p>
<h3 id="m2">com.bookmyroom.testng.BookMyRoomTest#guestTest</h3><table class="result"><tr class="param"><th>Parameter #1</th><th>Parameter #2</th><th>Parameter #3</th><th>Parameter #4</th><th>Parameter #5</th><th>Parameter #6</th></tr><tr class="param stripe"><td>TestCase_Search_1</td><td>Agra</td><td>09/23</td><td>09/24</td><td>Single-AC</td><td>Courtyard by Marriott</td></tr><tr><th colspan="6">Exception</th></tr><tr><td colspan="6"><div class="stacktrace">java.lang.AssertionError: expected [false] but found [true]
	at com.bookmyroom.util.Reusable.verifyPresence(Reusable.java:167)
	at com.bookmyroom.pages.SearchHotels.guestSearch(SearchHotels.java:148)
	at com.bookmyroom.pages.GuestMode.guestSearch(GuestMode.java:45)
	at com.bookmyroom.testng.BookMyRoomTest.guestTest(BookMyRoomTest.java:149)
... Removed 32 stack frames</div></td></tr></table><p class="totop"><a href="#summary">back to summary</a></p>
<h3 id="m3">com.bookmyroom.testng.BookMyRoomTest#guestTest</h3><table class="result"><tr class="param"><th>Parameter #1</th><th>Parameter #2</th><th>Parameter #3</th><th>Parameter #4</th><th>Parameter #5</th><th>Parameter #6</th></tr><tr class="param stripe"><td>TestCase_Search_5</td><td>Kolkata</td><td>09/24</td><td>09/23</td><td>Single-AC</td><td>CheckIn Date cannot be prior to CheckOut Date</td></tr><tr><th colspan="6">Exception</th></tr><tr><td colspan="6"><div class="stacktrace">java.lang.AssertionError: expected [false] but found [true]
	at com.bookmyroom.util.Reusable.verifyPresence(Reusable.java:167)
	at com.bookmyroom.pages.SearchHotels.guestSearch(SearchHotels.java:148)
	at com.bookmyroom.pages.GuestMode.guestSearch(GuestMode.java:45)
	at com.bookmyroom.testng.BookMyRoomTest.guestTest(BookMyRoomTest.java:149)
... Removed 32 stack frames</div></td></tr></table><p class="totop"><a href="#summary">back to summary</a></p>
<h3 id="m4">com.bookmyroom.testng.BookMyRoomTest#searchTest</h3><table class="result"><tr class="param"><th>Parameter #1</th><th>Parameter #2</th><th>Parameter #3</th><th>Parameter #4</th><th>Parameter #5</th><th>Parameter #6</th></tr><tr class="param stripe"><td>TestCase_Search_4</td><td>Chennai</td><td>09/23</td><td>09/23</td><td>Single-AC</td><td>Checkout Date and CheckIn date Should not be same</td></tr><tr><th colspan="6">Exception</th></tr><tr><td colspan="6"><div class="stacktrace">org.openqa.selenium.TimeoutException: Expected condition failed: waiting for visibility of element located by By.xpath: //span[@class=&apos;mat-button-wrapper&apos;] (tried for 3 second(s) with 500 milliseconds interval)
Build info: version: &apos;3.13.0&apos;, revision: &apos;2f0d292&apos;, time: &apos;2018-06-25T15:24:21.231Z&apos;
System info: host: &apos;G1C2ML15656&apos;, ip: &apos;172.17.124.165&apos;, os.name: &apos;Windows 10&apos;, os.arch: &apos;amd64&apos;, os.version: &apos;10.0&apos;, java.version: &apos;1.8.0_102&apos;
Driver info: org.openqa.selenium.chrome.ChromeDriver
Capabilities {acceptInsecureCerts: false, acceptSslCerts: false, applicationCacheEnabled: false, browserConnectionEnabled: false, browserName: chrome, chrome: {chromedriverVersion: 2.42.591088 (7b2b2dca23cca0..., userDataDir: C:\Users\M1047105\AppData\L...}, cssSelectorsEnabled: true, databaseEnabled: false, goog:chromeOptions: {debuggerAddress: localhost:50876}, handlesAlerts: true, hasTouchScreen: false, javascriptEnabled: true, locationContextEnabled: true, mobileEmulationEnabled: false, nativeEvents: true, networkConnectionEnabled: false, pageLoadStrategy: normal, platform: XP, platformName: XP, rotatable: false, setWindowRect: true, takesHeapSnapshot: true, takesScreenshot: true, unexpectedAlertBehaviour: , unhandledPromptBehavior: , version: 68.0.3440.106, webStorageEnabled: true}
Session ID: f5773077eb280e3bc5571b3b5058530e
	at org.openqa.selenium.support.ui.WebDriverWait.timeoutException(WebDriverWait.java:81)
	at org.openqa.selenium.support.ui.FluentWait.until(FluentWait.java:271)
	at com.bookmyroom.util.Reusable.click(Reusable.java:104)
	at com.bookmyroom.pages.SearchHotels.search(SearchHotels.java:50)
	at com.bookmyroom.testng.BookMyRoomTest.searchTest(BookMyRoomTest.java:108)
... Removed 28 stack frames</div></td></tr></table><p class="totop"><a href="#summary">back to summary</a></p>
<h3 id="m5">com.bookmyroom.testng.BookMyRoomTest#searchTest</h3><table class="result"><tr class="param"><th>Parameter #1</th><th>Parameter #2</th><th>Parameter #3</th><th>Parameter #4</th><th>Parameter #5</th><th>Parameter #6</th></tr><tr class="param stripe"><td>TestCase_Search_1</td><td>Agra</td><td>09/23</td><td>09/24</td><td>Single-AC</td><td>Hotel Bhoomi Residency </td></tr><tr><th colspan="6">Exception</th></tr><tr><td colspan="6"><div class="stacktrace">java.lang.AssertionError: expected [false] but found [true]
	at com.bookmyroom.util.Reusable.verifyPresence(Reusable.java:167)
	at com.bookmyroom.pages.SearchHotels.search(SearchHotels.java:82)
	at com.bookmyroom.testng.BookMyRoomTest.searchTest(BookMyRoomTest.java:108)
... Removed 32 stack frames</div></td></tr></table><p class="totop"><a href="#summary">back to summary</a></p>
<h3 id="m6">com.bookmyroom.testng.BookMyRoomTest#searchTest</h3><table class="result"><tr class="param"><th>Parameter #1</th><th>Parameter #2</th><th>Parameter #3</th><th>Parameter #4</th><th>Parameter #5</th><th>Parameter #6</th></tr><tr class="param stripe"><td>TestCase_Search_5</td><td>Kolkata</td><td>09/24</td><td>09/23</td><td>Single-AC</td><td>CheckIn Date cannot be prior to CheckOut Date</td></tr><tr><th colspan="6">Exception</th></tr><tr><td colspan="6"><div class="stacktrace">java.lang.AssertionError: expected [false] but found [true]
	at com.bookmyroom.util.Reusable.verifyPresence(Reusable.java:167)
	at com.bookmyroom.pages.SearchHotels.search(SearchHotels.java:82)
	at com.bookmyroom.testng.BookMyRoomTest.searchTest(BookMyRoomTest.java:108)
... Removed 32 stack frames</div></td></tr></table><p class="totop"><a href="#summary">back to summary</a></p>
<h3 id="m7">com.bookmyroom.testng.BookMyRoomTest#signUpTest</h3><table class="result"><tr class="param"><th>Parameter #1</th><th>Parameter #2</th><th>Parameter #3</th><th>Parameter #4</th><th>Parameter #5</th><th>Parameter #6</th><th>Parameter #7</th><th>Parameter #8</th><th>Parameter #9</th></tr><tr class="param stripe"><td>TestCase_SignUp_5</td><td>Nikhil Reddy</td><td>nikhilreddyaileni@gmail.com</td><td>Aa5</td><td>Qwerty#123</td><td>Male</td><td>22</td><td>9490222395</td><td>Oopsâ€¦</td></tr><tr><th colspan="9">Exception</th></tr><tr><td colspan="9"><div class="stacktrace">java.lang.AssertionError: expected [false] but found [true]
	at com.bookmyroom.util.Reusable.verifyPresence(Reusable.java:167)
	at com.bookmyroom.pages.SignUpPage.signUp(SignUpPage.java:89)
	at com.bookmyroom.testng.BookMyRoomTest.signUpTest(BookMyRoomTest.java:64)
... Removed 32 stack frames</div></td></tr></table><p class="totop"><a href="#summary">back to summary</a></p>
<h3 id="m8">com.bookmyroom.testng.BookMyRoomTest#confirmBookingTest</h3><table class="result"><tr class="param"><th>Parameter #1</th><th>Parameter #2</th><th>Parameter #3</th><th>Parameter #4</th><th>Parameter #5</th><th>Parameter #6</th></tr><tr class="param stripe"><td>TestCase_Confirm_5</td><td>Kolkata</td><td>09/24</td><td>09/25</td><td>Single-AC</td><td>Booking is Confirmed</td></tr></table><p class="totop"><a href="#summary">back to summary</a></p>
<h3 id="m9">com.bookmyroom.testng.BookMyRoomTest#confirmBookingTest</h3><table class="result"><tr class="param"><th>Parameter #1</th><th>Parameter #2</th><th>Parameter #3</th><th>Parameter #4</th><th>Parameter #5</th><th>Parameter #6</th></tr><tr class="param stripe"><td>TestCase_Confirm_3</td><td>Agra</td><td>09/25</td><td>09/26</td><td>Single-AC</td><td>Booking is Confirmed</td></tr></table><p class="totop"><a href="#summary">back to summary</a></p>
<h3 id="m10">com.bookmyroom.testng.BookMyRoomTest#confirmBookingTest</h3><table class="result"><tr class="param"><th>Parameter #1</th><th>Parameter #2</th><th>Parameter #3</th><th>Parameter #4</th><th>Parameter #5</th><th>Parameter #6</th></tr><tr class="param stripe"><td>TestCase_Confirm_1</td><td>Agra</td><td>09/24</td><td>09/25</td><td>Single-AC</td><td>Booking is Confirmed</td></tr></table><p class="totop"><a href="#summary">back to summary</a></p>
<h3 id="m11">com.bookmyroom.testng.BookMyRoomTest#guestTest</h3><table class="result"><tr class="param"><th>Parameter #1</th><th>Parameter #2</th><th>Parameter #3</th><th>Parameter #4</th><th>Parameter #5</th><th>Parameter #6</th></tr><tr class="param stripe"><td>TestCase_Search_2</td><td>Mumbai</td><td>09/23</td><td>09/24</td><td>Single-AC</td><td>Please Select Proper City Name</td></tr></table><p class="totop"><a href="#summary">back to summary</a></p>
<h3 id="m12">com.bookmyroom.testng.BookMyRoomTest#guestTest</h3><table class="result"><tr class="param"><th>Parameter #1</th><th>Parameter #2</th><th>Parameter #3</th><th>Parameter #4</th><th>Parameter #5</th><th>Parameter #6</th></tr><tr class="param stripe"><td>TestCase_Search_3</td><td>Agra</td><td>09/23</td><td>09/23</td><td>Single-AC</td><td>Checkout Date and CheckIn date Should not be same</td></tr></table><p class="totop"><a href="#summary">back to summary</a></p>
<h3 id="m13">com.bookmyroom.testng.BookMyRoomTest#guestTest</h3><table class="result"><tr class="param"><th>Parameter #1</th><th>Parameter #2</th><th>Parameter #3</th><th>Parameter #4</th><th>Parameter #5</th><th>Parameter #6</th></tr><tr class="param stripe"><td>TestCase_Search_4</td><td>Chennai</td><td>09/23</td><td>09/23</td><td>Single-AC</td><td>Checkout Date and CheckIn date Should not be same</td></tr></table><p class="totop"><a href="#summary">back to summary</a></p>
<h3 id="m14">com.bookmyroom.testng.BookMyRoomTest#loginTest</h3><table class="result"><tr class="param"><th>Parameter #1</th><th>Parameter #2</th><th>Parameter #3</th><th>Parameter #4</th></tr><tr class="param stripe"><td>TestCase_Login_2</td><td>admin</td><td>admin</td><td>Invalid Credentials !</td></tr></table><p class="totop"><a href="#summary">back to summary</a></p>
<h3 id="m15">com.bookmyroom.testng.BookMyRoomTest#loginTest</h3><table class="result"><tr class="param"><th>Parameter #1</th><th>Parameter #2</th><th>Parameter #3</th><th>Parameter #4</th></tr><tr class="param stripe"><td>TestCase_Login_1</td><td>Nikhil4</td><td>Nikhil@6</td><td>Logged in Successfully !</td></tr></table><p class="totop"><a href="#summary">back to summary</a></p>
<h3 id="m16">com.bookmyroom.testng.BookMyRoomTest#loginTest</h3><table class="result"><tr class="param"><th>Parameter #1</th><th>Parameter #2</th><th>Parameter #3</th><th>Parameter #4</th></tr><tr class="param stripe"><td>TestCase_Login_3</td><td>Nikhil</td><td>Nikhil@6</td><td>Invalid Credentials !</td></tr></table><p class="totop"><a href="#summary">back to summary</a></p>
<h3 id="m17">com.bookmyroom.testng.BookMyRoomTest#loginTest</h3><table class="result"><tr class="param"><th>Parameter #1</th><th>Parameter #2</th><th>Parameter #3</th><th>Parameter #4</th></tr><tr class="param stripe"><td>TestCase_Login_4</td><td>Nikhil4</td><td>Qwerty123</td><td>Invalid Credentials !</td></tr></table><p class="totop"><a href="#summary">back to summary</a></p>
<h3 id="m18">com.bookmyroom.testng.BookMyRoomTest#loginTest</h3><table class="result"><tr class="param"><th>Parameter #1</th><th>Parameter #2</th><th>Parameter #3</th><th>Parameter #4</th></tr><tr class="param stripe"><td>TestCase_Login_5</td><td>qwerty</td><td>123456.0</td><td>Invalid Credentials !</td></tr></table><p class="totop"><a href="#summary">back to summary</a></p>
<h3 id="m19">com.bookmyroom.testng.BookMyRoomTest#searchTest</h3><table class="result"><tr class="param"><th>Parameter #1</th><th>Parameter #2</th><th>Parameter #3</th><th>Parameter #4</th><th>Parameter #5</th><th>Parameter #6</th></tr><tr class="param stripe"><td>TestCase_Search_3</td><td>Agra</td><td>09/23</td><td>09/23</td><td>Single-AC</td><td>Checkout Date and CheckIn date Should not be same</td></tr></table><p class="totop"><a href="#summary">back to summary</a></p>
<h3 id="m20">com.bookmyroom.testng.BookMyRoomTest#searchTest</h3><table class="result"><tr class="param"><th>Parameter #1</th><th>Parameter #2</th><th>Parameter #3</th><th>Parameter #4</th><th>Parameter #5</th><th>Parameter #6</th></tr><tr class="param stripe"><td>TestCase_Search_2</td><td>Mumbai</td><td>09/23</td><td>09/24</td><td>Single-AC</td><td>Please Select Proper City Name</td></tr></table><p class="totop"><a href="#summary">back to summary</a></p>
<h3 id="m21">com.bookmyroom.testng.BookMyRoomTest#signUpTest</h3><table class="result"><tr class="param"><th>Parameter #1</th><th>Parameter #2</th><th>Parameter #3</th><th>Parameter #4</th><th>Parameter #5</th><th>Parameter #6</th><th>Parameter #7</th><th>Parameter #8</th><th>Parameter #9</th></tr><tr class="param stripe"><td>TestCase_SignUp_4</td><td>Nikhil Reddy</td><td>nikhilreddyaileni@gmail.com</td><td>Aa4</td><td>Qwerty#123</td><td>Male</td><td>22</td><td>9490222395</td><td>Oops...</td></tr></table><p class="totop"><a href="#summary">back to summary</a></p>
<h3 id="m22">com.bookmyroom.testng.BookMyRoomTest#signUpTest</h3><table class="result"><tr class="param"><th>Parameter #1</th><th>Parameter #2</th><th>Parameter #3</th><th>Parameter #4</th><th>Parameter #5</th><th>Parameter #6</th><th>Parameter #7</th><th>Parameter #8</th><th>Parameter #9</th></tr><tr class="param stripe"><td>TestCase_SignUp_2</td><td>Nikhil Reddy</td><td>nikhilreddyaileni@gmail.com</td><td>Aa2</td><td>Qwerty#123</td><td>Male</td><td>22</td><td>9490222395</td><td>Oops...</td></tr></table><p class="totop"><a href="#summary">back to summary</a></p>
<h3 id="m23">com.bookmyroom.testng.BookMyRoomTest#signUpTest</h3><table class="result"><tr class="param"><th>Parameter #1</th><th>Parameter #2</th><th>Parameter #3</th><th>Parameter #4</th><th>Parameter #5</th><th>Parameter #6</th><th>Parameter #7</th><th>Parameter #8</th><th>Parameter #9</th></tr><tr class="param stripe"><td>TestCase_SignUp_6</td><td>Nikhil Reddy</td><td>nikhillllllll24@gmail.com</td><td>Aa24444</td><td>Qwerty#123</td><td>Male</td><td>22</td><td>9490222395</td><td>Oops...</td></tr></table><p class="totop"><a href="#summary">back to summary</a></p>
<h3 id="m24">com.bookmyroom.testng.BookMyRoomTest#signUpTest</h3><table class="result"><tr class="param"><th>Parameter #1</th><th>Parameter #2</th><th>Parameter #3</th><th>Parameter #4</th><th>Parameter #5</th><th>Parameter #6</th><th>Parameter #7</th><th>Parameter #8</th><th>Parameter #9</th></tr><tr class="param stripe"><td>TestCase_SignUp_1</td><td>Nikhil Reddy</td><td>nikhilreddyaileni@gmail.com</td><td>Aa1</td><td>Qwerty#123</td><td>Male</td><td>22</td><td>9490222395</td><td>Oops...</td></tr></table><p class="totop"><a href="#summary">back to summary</a></p>
<h3 id="m25">com.bookmyroom.testng.BookMyRoomTest#signUpTest</h3><table class="result"><tr class="param"><th>Parameter #1</th><th>Parameter #2</th><th>Parameter #3</th><th>Parameter #4</th><th>Parameter #5</th><th>Parameter #6</th><th>Parameter #7</th><th>Parameter #8</th><th>Parameter #9</th></tr><tr class="param stripe"><td>TestCase_SignUp_3</td><td>Nikhil Reddy</td><td>nikhilreddyaileni@gmail.com</td><td>Aa3</td><td>Qwerty#123</td><td>Male</td><td>22</td><td>9490222395</td><td>Oops...</td></tr></table><p class="totop"><a href="#summary">back to summary</a></p>
</body>
</html>
