<?xml version="1.0" encoding="UTF-8"?>
<testng-results skipped="0" failed="8" ignored="0" total="26" passed="18">
  <reporter-output>
  </reporter-output>
  <suite name="Suite" duration-ms="8757004" started-at="2018-09-24T00:43:54Z" finished-at="2018-09-24T03:09:51Z">
    <groups>
      <group name="User">
        <method signature="BookMyRoomTest.confirmBookingTest(java.lang.String, java.lang.String, java.lang.String, java.lang.String, java.lang.String, java.lang.String)[pri:0, instance:com.bookmyroom.testng.BookMyRoomTest@86be70a]" name="confirmBookingTest" class="com.bookmyroom.testng.BookMyRoomTest"/>
        <method signature="BookMyRoomTest.guestTest(java.lang.String, java.lang.String, java.lang.String, java.lang.String, java.lang.String, java.lang.String)[pri:0, instance:com.bookmyroom.testng.BookMyRoomTest@86be70a]" name="guestTest" class="com.bookmyroom.testng.BookMyRoomTest"/>
        <method signature="BookMyRoomTest.loginTest(java.lang.String, java.lang.String, java.lang.String, java.lang.String)[pri:0, instance:com.bookmyroom.testng.BookMyRoomTest@86be70a]" name="loginTest" class="com.bookmyroom.testng.BookMyRoomTest"/>
        <method signature="BookMyRoomTest.searchTest(java.lang.String, java.lang.String, java.lang.String, java.lang.String, java.lang.String, java.lang.String)[pri:0, instance:com.bookmyroom.testng.BookMyRoomTest@86be70a]" name="searchTest" class="com.bookmyroom.testng.BookMyRoomTest"/>
        <method signature="BookMyRoomTest.signUpTest(java.lang.String, java.lang.String, java.lang.String, java.lang.String, java.lang.String, java.lang.String, java.lang.String, java.lang.String, java.lang.String)[pri:0, instance:com.bookmyroom.testng.BookMyRoomTest@86be70a]" name="signUpTest" class="com.bookmyroom.testng.BookMyRoomTest"/>
      </group> <!-- User -->
    </groups>
    <test name="Test" duration-ms="8757004" started-at="2018-09-24T00:43:54Z" finished-at="2018-09-24T03:09:51Z">
      <class name="com.bookmyroom.testng.BookMyRoomTest">
        <test-method status="PASS" signature="beforeTest()[pri:0, instance:com.bookmyroom.testng.BookMyRoomTest@86be70a]" name="beforeTest" is-config="true" duration-ms="4079" started-at="2018-09-24T00:43:54Z" finished-at="2018-09-24T00:43:59Z">
          <reporter-output>
          </reporter-output>
        </test-method> <!-- beforeTest -->
        <test-method status="PASS" signature="confirmBookingTest(java.lang.String, java.lang.String, java.lang.String, java.lang.String, java.lang.String, java.lang.String)[pri:0, instance:com.bookmyroom.testng.BookMyRoomTest@86be70a]" name="confirmBookingTest" duration-ms="54933" started-at="2018-09-24T00:44:00Z" data-provider="ConfirmBookingData" finished-at="2018-09-24T00:44:55Z">
          <params>
            <param index="0">
              <value>
                <![CDATA[TestCase_Confirm_1]]>
              </value>
            </param>
            <param index="1">
              <value>
                <![CDATA[Agra]]>
              </value>
            </param>
            <param index="2">
              <value>
                <![CDATA[09/24]]>
              </value>
            </param>
            <param index="3">
              <value>
                <![CDATA[09/25]]>
              </value>
            </param>
            <param index="4">
              <value>
                <![CDATA[Single-AC]]>
              </value>
            </param>
            <param index="5">
              <value>
                <![CDATA[Booking is Confirmed]]>
              </value>
            </param>
          </params>
          <reporter-output>
          </reporter-output>
        </test-method> <!-- confirmBookingTest -->
        <test-method status="FAIL" signature="confirmBookingTest(java.lang.String, java.lang.String, java.lang.String, java.lang.String, java.lang.String, java.lang.String)[pri:0, instance:com.bookmyroom.testng.BookMyRoomTest@86be70a]" name="confirmBookingTest" duration-ms="33409" started-at="2018-09-24T00:44:55Z" data-provider="ConfirmBookingData" finished-at="2018-09-24T00:45:28Z">
          <params>
            <param index="0">
              <value>
                <![CDATA[TestCase_Confirm_2]]>
              </value>
            </param>
            <param index="1">
              <value>
                <![CDATA[Mumbai]]>
              </value>
            </param>
            <param index="2">
              <value>
                <![CDATA[09/24]]>
              </value>
            </param>
            <param index="3">
              <value>
                <![CDATA[09/25]]>
              </value>
            </param>
            <param index="4">
              <value>
                <![CDATA[Single-AC]]>
              </value>
            </param>
            <param index="5">
              <value>
                <![CDATA[Booking is Confirmed]]>
              </value>
            </param>
          </params>
          <exception class="org.openqa.selenium.TimeoutException">
            <message>
              <![CDATA[Expected condition failed: waiting for visibility of element located by By.xpath: //mat-grid-tile[1]//div[@id='bookNow']//button[@color='primary'] (tried for 3 second(s) with 500 milliseconds interval)]]>
            </message>
            <full-stacktrace>
              <![CDATA[org.openqa.selenium.TimeoutException: Expected condition failed: waiting for visibility of element located by By.xpath: //mat-grid-tile[1]//div[@id='bookNow']//button[@color='primary'] (tried for 3 second(s) with 500 milliseconds interval)
at org.openqa.selenium.support.ui.WebDriverWait.timeoutException(WebDriverWait.java:81)
at org.openqa.selenium.support.ui.FluentWait.until(FluentWait.java:271)
at com.bookmyroom.util.Reusable.click(Reusable.java:104)
at com.bookmyroom.pages.ConfirmBooking.confirmBooking(ConfirmBooking.java:49)
at com.bookmyroom.testng.BookMyRoomTest.confirmBookingTest(BookMyRoomTest.java:128)
at sun.reflect.NativeMethodAccessorImpl.invoke0(Native Method)
at sun.reflect.NativeMethodAccessorImpl.invoke(NativeMethodAccessorImpl.java:62)
at sun.reflect.DelegatingMethodAccessorImpl.invoke(DelegatingMethodAccessorImpl.java:43)
at java.lang.reflect.Method.invoke(Method.java:498)
at org.testng.internal.MethodInvocationHelper.invokeMethod(MethodInvocationHelper.java:124)
at org.testng.internal.Invoker.invokeMethod(Invoker.java:583)
at org.testng.internal.Invoker.invokeTestMethod(Invoker.java:719)
at org.testng.internal.Invoker.invokeTestMethods(Invoker.java:989)
at org.testng.internal.TestMethodWorker.invokeTestMethods(TestMethodWorker.java:125)
at org.testng.internal.TestMethodWorker.run(TestMethodWorker.java:109)
at org.testng.TestRunner.privateRun(TestRunner.java:648)
at org.testng.TestRunner.run(TestRunner.java:505)
at org.testng.SuiteRunner.runTest(SuiteRunner.java:455)
at org.testng.SuiteRunner.runSequentially(SuiteRunner.java:450)
at org.testng.SuiteRunner.privateRun(SuiteRunner.java:415)
at org.testng.SuiteRunner.run(SuiteRunner.java:364)
at org.testng.SuiteRunnerWorker.runSuite(SuiteRunnerWorker.java:52)
at org.testng.SuiteRunnerWorker.run(SuiteRunnerWorker.java:84)
at org.testng.TestNG.runSuitesSequentially(TestNG.java:1208)
at org.testng.TestNG.runSuitesLocally(TestNG.java:1137)
at org.testng.TestNG.runSuites(TestNG.java:1049)
at org.testng.TestNG.run(TestNG.java:1017)
at org.apache.maven.surefire.testng.TestNGExecutor.run(TestNGExecutor.java:295)
at org.apache.maven.surefire.testng.TestNGXmlTestSuite.execute(TestNGXmlTestSuite.java:84)
at org.apache.maven.surefire.testng.TestNGProvider.invoke(TestNGProvider.java:90)
at org.apache.maven.surefire.booter.ForkedBooter.invokeProviderInSameClassLoader(ForkedBooter.java:203)
at org.apache.maven.surefire.booter.ForkedBooter.runSuitesInProcess(ForkedBooter.java:155)
at org.apache.maven.surefire.booter.ForkedBooter.main(ForkedBooter.java:103)
Caused by: org.openqa.selenium.NoSuchElementException: Cannot locate an element using By.xpath: //mat-grid-tile[1]//div[@id='bookNow']//button[@color='primary']
For documentation on this error, please visit: http://seleniumhq.org/exceptions/no_such_element.html
Build info: version: '3.13.0', revision: '2f0d292', time: '2018-06-25T15:24:21.231Z'
System info: host: 'G1C2ML15656', ip: '172.17.124.165', os.name: 'Windows 10', os.arch: 'amd64', os.version: '10.0', java.version: '1.8.0_102'
Driver info: driver.version: unknown
at org.openqa.selenium.support.ui.ExpectedConditions.lambda$findElement$0(ExpectedConditions.java:896)
at java.util.Optional.orElseThrow(Optional.java:290)
at org.openqa.selenium.support.ui.ExpectedConditions.findElement(ExpectedConditions.java:895)
at org.openqa.selenium.support.ui.ExpectedConditions.access$000(ExpectedConditions.java:44)
at org.openqa.selenium.support.ui.ExpectedConditions$7.apply(ExpectedConditions.java:206)
at org.openqa.selenium.support.ui.ExpectedConditions$7.apply(ExpectedConditions.java:202)
at org.openqa.selenium.support.ui.FluentWait.until(FluentWait.java:248)
... 31 more
]]>
            </full-stacktrace>
          </exception> <!-- org.openqa.selenium.TimeoutException -->
          <reporter-output>
          </reporter-output>
        </test-method> <!-- confirmBookingTest -->
        <test-method status="PASS" signature="confirmBookingTest(java.lang.String, java.lang.String, java.lang.String, java.lang.String, java.lang.String, java.lang.String)[pri:0, instance:com.bookmyroom.testng.BookMyRoomTest@86be70a]" name="confirmBookingTest" duration-ms="43278" started-at="2018-09-24T00:45:30Z" data-provider="ConfirmBookingData" finished-at="2018-09-24T00:46:13Z">
          <params>
            <param index="0">
              <value>
                <![CDATA[TestCase_Confirm_3]]>
              </value>
            </param>
            <param index="1">
              <value>
                <![CDATA[Agra]]>
              </value>
            </param>
            <param index="2">
              <value>
                <![CDATA[09/25]]>
              </value>
            </param>
            <param index="3">
              <value>
                <![CDATA[09/26]]>
              </value>
            </param>
            <param index="4">
              <value>
                <![CDATA[Single-AC]]>
              </value>
            </param>
            <param index="5">
              <value>
                <![CDATA[Booking is Confirmed]]>
              </value>
            </param>
          </params>
          <reporter-output>
          </reporter-output>
        </test-method> <!-- confirmBookingTest -->
        <test-method status="FAIL" signature="confirmBookingTest(java.lang.String, java.lang.String, java.lang.String, java.lang.String, java.lang.String, java.lang.String)[pri:0, instance:com.bookmyroom.testng.BookMyRoomTest@86be70a]" name="confirmBookingTest" duration-ms="2714280" started-at="2018-09-24T00:46:13Z" data-provider="ConfirmBookingData" finished-at="2018-09-24T01:31:27Z">
          <params>
            <param index="0">
              <value>
                <![CDATA[TestCase_Confirm_4]]>
              </value>
            </param>
            <param index="1">
              <value>
                <![CDATA[Chennai]]>
              </value>
            </param>
            <param index="2">
              <value>
                <![CDATA[09/24]]>
              </value>
            </param>
            <param index="3">
              <value>
                <![CDATA[09/26]]>
              </value>
            </param>
            <param index="4">
              <value>
                <![CDATA[Single-AC]]>
              </value>
            </param>
            <param index="5">
              <value>
                <![CDATA[Booking is Confirmed]]>
              </value>
            </param>
          </params>
          <exception class="org.openqa.selenium.TimeoutException">
            <message>
              <![CDATA[Expected condition failed: waiting for visibility of element located by By.xpath: //span[@class='mat-button-wrapper'] (tried for 3 second(s) with 500 milliseconds interval)
Build info: version: '3.13.0', revision: '2f0d292', time: '2018-06-25T15:24:21.231Z'
System info: host: 'G1C2ML15656', ip: '172.17.124.165', os.name: 'Windows 10', os.arch: 'amd64', os.version: '10.0', java.version: '1.8.0_102'
Driver info: org.openqa.selenium.chrome.ChromeDriver
Capabilities {acceptInsecureCerts: false, acceptSslCerts: false, applicationCacheEnabled: false, browserConnectionEnabled: false, browserName: chrome, chrome: {chromedriverVersion: 2.42.591088 (7b2b2dca23cca0..., userDataDir: C:\Users\M1047105\AppData\L...}, cssSelectorsEnabled: true, databaseEnabled: false, goog:chromeOptions: {debuggerAddress: localhost:50876}, handlesAlerts: true, hasTouchScreen: false, javascriptEnabled: true, locationContextEnabled: true, mobileEmulationEnabled: false, nativeEvents: true, networkConnectionEnabled: false, pageLoadStrategy: normal, platform: XP, platformName: XP, rotatable: false, setWindowRect: true, takesHeapSnapshot: true, takesScreenshot: true, unexpectedAlertBehaviour: , unhandledPromptBehavior: , version: 68.0.3440.106, webStorageEnabled: true}
Session ID: f5773077eb280e3bc5571b3b5058530e]]>
            </message>
            <full-stacktrace>
              <![CDATA[org.openqa.selenium.TimeoutException: Expected condition failed: waiting for visibility of element located by By.xpath: //span[@class='mat-button-wrapper'] (tried for 3 second(s) with 500 milliseconds interval)
Build info: version: '3.13.0', revision: '2f0d292', time: '2018-06-25T15:24:21.231Z'
System info: host: 'G1C2ML15656', ip: '172.17.124.165', os.name: 'Windows 10', os.arch: 'amd64', os.version: '10.0', java.version: '1.8.0_102'
Driver info: org.openqa.selenium.chrome.ChromeDriver
Capabilities {acceptInsecureCerts: false, acceptSslCerts: false, applicationCacheEnabled: false, browserConnectionEnabled: false, browserName: chrome, chrome: {chromedriverVersion: 2.42.591088 (7b2b2dca23cca0..., userDataDir: C:\Users\M1047105\AppData\L...}, cssSelectorsEnabled: true, databaseEnabled: false, goog:chromeOptions: {debuggerAddress: localhost:50876}, handlesAlerts: true, hasTouchScreen: false, javascriptEnabled: true, locationContextEnabled: true, mobileEmulationEnabled: false, nativeEvents: true, networkConnectionEnabled: false, pageLoadStrategy: normal, platform: XP, platformName: XP, rotatable: false, setWindowRect: true, takesHeapSnapshot: true, takesScreenshot: true, unexpectedAlertBehaviour: , unhandledPromptBehavior: , version: 68.0.3440.106, webStorageEnabled: true}
Session ID: f5773077eb280e3bc5571b3b5058530e
at org.openqa.selenium.support.ui.WebDriverWait.timeoutException(WebDriverWait.java:81)
at org.openqa.selenium.support.ui.FluentWait.until(FluentWait.java:271)
at com.bookmyroom.util.Reusable.click(Reusable.java:104)
at com.bookmyroom.pages.SearchHotels.search(SearchHotels.java:50)
at com.bookmyroom.pages.ConfirmBooking.confirmBooking(ConfirmBooking.java:43)
at com.bookmyroom.testng.BookMyRoomTest.confirmBookingTest(BookMyRoomTest.java:128)
at sun.reflect.NativeMethodAccessorImpl.invoke0(Native Method)
at sun.reflect.NativeMethodAccessorImpl.invoke(NativeMethodAccessorImpl.java:62)
at sun.reflect.DelegatingMethodAccessorImpl.invoke(DelegatingMethodAccessorImpl.java:43)
at java.lang.reflect.Method.invoke(Method.java:498)
at org.testng.internal.MethodInvocationHelper.invokeMethod(MethodInvocationHelper.java:124)
at org.testng.internal.Invoker.invokeMethod(Invoker.java:583)
at org.testng.internal.Invoker.invokeTestMethod(Invoker.java:719)
at org.testng.internal.Invoker.invokeTestMethods(Invoker.java:989)
at org.testng.internal.TestMethodWorker.invokeTestMethods(TestMethodWorker.java:125)
at org.testng.internal.TestMethodWorker.run(TestMethodWorker.java:109)
at org.testng.TestRunner.privateRun(TestRunner.java:648)
at org.testng.TestRunner.run(TestRunner.java:505)
at org.testng.SuiteRunner.runTest(SuiteRunner.java:455)
at org.testng.SuiteRunner.runSequentially(SuiteRunner.java:450)
at org.testng.SuiteRunner.privateRun(SuiteRunner.java:415)
at org.testng.SuiteRunner.run(SuiteRunner.java:364)
at org.testng.SuiteRunnerWorker.runSuite(SuiteRunnerWorker.java:52)
at org.testng.SuiteRunnerWorker.run(SuiteRunnerWorker.java:84)
at org.testng.TestNG.runSuitesSequentially(TestNG.java:1208)
at org.testng.TestNG.runSuitesLocally(TestNG.java:1137)
at org.testng.TestNG.runSuites(TestNG.java:1049)
at org.testng.TestNG.run(TestNG.java:1017)
at org.apache.maven.surefire.testng.TestNGExecutor.run(TestNGExecutor.java:295)
at org.apache.maven.surefire.testng.TestNGXmlTestSuite.execute(TestNGXmlTestSuite.java:84)
at org.apache.maven.surefire.testng.TestNGProvider.invoke(TestNGProvider.java:90)
at org.apache.maven.surefire.booter.ForkedBooter.invokeProviderInSameClassLoader(ForkedBooter.java:203)
at org.apache.maven.surefire.booter.ForkedBooter.runSuitesInProcess(ForkedBooter.java:155)
at org.apache.maven.surefire.booter.ForkedBooter.main(ForkedBooter.java:103)
]]>
            </full-stacktrace>
          </exception> <!-- org.openqa.selenium.TimeoutException -->
          <reporter-output>
          </reporter-output>
        </test-method> <!-- confirmBookingTest -->
        <test-method status="PASS" signature="confirmBookingTest(java.lang.String, java.lang.String, java.lang.String, java.lang.String, java.lang.String, java.lang.String)[pri:0, instance:com.bookmyroom.testng.BookMyRoomTest@86be70a]" name="confirmBookingTest" duration-ms="5316866" started-at="2018-09-24T01:31:31Z" data-provider="ConfirmBookingData" finished-at="2018-09-24T03:00:08Z">
          <params>
            <param index="0">
              <value>
                <![CDATA[TestCase_Confirm_5]]>
              </value>
            </param>
            <param index="1">
              <value>
                <![CDATA[Kolkata]]>
              </value>
            </param>
            <param index="2">
              <value>
                <![CDATA[09/24]]>
              </value>
            </param>
            <param index="3">
              <value>
                <![CDATA[09/25]]>
              </value>
            </param>
            <param index="4">
              <value>
                <![CDATA[Single-AC]]>
              </value>
            </param>
            <param index="5">
              <value>
                <![CDATA[Booking is Confirmed]]>
              </value>
            </param>
          </params>
          <reporter-output>
          </reporter-output>
        </test-method> <!-- confirmBookingTest -->
        <test-method status="FAIL" signature="guestTest(java.lang.String, java.lang.String, java.lang.String, java.lang.String, java.lang.String, java.lang.String)[pri:0, instance:com.bookmyroom.testng.BookMyRoomTest@86be70a]" name="guestTest" duration-ms="25122" started-at="2018-09-24T03:00:08Z" data-provider="GuestSheetData" finished-at="2018-09-24T03:00:33Z">
          <params>
            <param index="0">
              <value>
                <![CDATA[TestCase_Search_1]]>
              </value>
            </param>
            <param index="1">
              <value>
                <![CDATA[Agra]]>
              </value>
            </param>
            <param index="2">
              <value>
                <![CDATA[09/23]]>
              </value>
            </param>
            <param index="3">
              <value>
                <![CDATA[09/24]]>
              </value>
            </param>
            <param index="4">
              <value>
                <![CDATA[Single-AC]]>
              </value>
            </param>
            <param index="5">
              <value>
                <![CDATA[Courtyard by Marriott]]>
              </value>
            </param>
          </params>
          <exception class="java.lang.AssertionError">
            <message>
              <![CDATA[expected [false] but found [true]]]>
            </message>
            <full-stacktrace>
              <![CDATA[java.lang.AssertionError: expected [false] but found [true]
at org.testng.Assert.fail(Assert.java:96)
at org.testng.Assert.failNotEquals(Assert.java:776)
at org.testng.Assert.assertFalse(Assert.java:65)
at org.testng.Assert.assertFalse(Assert.java:75)
at com.bookmyroom.util.Reusable.verifyPresence(Reusable.java:167)
at com.bookmyroom.pages.SearchHotels.guestSearch(SearchHotels.java:148)
at com.bookmyroom.pages.GuestMode.guestSearch(GuestMode.java:45)
at com.bookmyroom.testng.BookMyRoomTest.guestTest(BookMyRoomTest.java:149)
at sun.reflect.NativeMethodAccessorImpl.invoke0(Native Method)
at sun.reflect.NativeMethodAccessorImpl.invoke(NativeMethodAccessorImpl.java:62)
at sun.reflect.DelegatingMethodAccessorImpl.invoke(DelegatingMethodAccessorImpl.java:43)
at java.lang.reflect.Method.invoke(Method.java:498)
at org.testng.internal.MethodInvocationHelper.invokeMethod(MethodInvocationHelper.java:124)
at org.testng.internal.Invoker.invokeMethod(Invoker.java:583)
at org.testng.internal.Invoker.invokeTestMethod(Invoker.java:719)
at org.testng.internal.Invoker.invokeTestMethods(Invoker.java:989)
at org.testng.internal.TestMethodWorker.invokeTestMethods(TestMethodWorker.java:125)
at org.testng.internal.TestMethodWorker.run(TestMethodWorker.java:109)
at org.testng.TestRunner.privateRun(TestRunner.java:648)
at org.testng.TestRunner.run(TestRunner.java:505)
at org.testng.SuiteRunner.runTest(SuiteRunner.java:455)
at org.testng.SuiteRunner.runSequentially(SuiteRunner.java:450)
at org.testng.SuiteRunner.privateRun(SuiteRunner.java:415)
at org.testng.SuiteRunner.run(SuiteRunner.java:364)
at org.testng.SuiteRunnerWorker.runSuite(SuiteRunnerWorker.java:52)
at org.testng.SuiteRunnerWorker.run(SuiteRunnerWorker.java:84)
at org.testng.TestNG.runSuitesSequentially(TestNG.java:1208)
at org.testng.TestNG.runSuitesLocally(TestNG.java:1137)
at org.testng.TestNG.runSuites(TestNG.java:1049)
at org.testng.TestNG.run(TestNG.java:1017)
at org.apache.maven.surefire.testng.TestNGExecutor.run(TestNGExecutor.java:295)
at org.apache.maven.surefire.testng.TestNGXmlTestSuite.execute(TestNGXmlTestSuite.java:84)
at org.apache.maven.surefire.testng.TestNGProvider.invoke(TestNGProvider.java:90)
at org.apache.maven.surefire.booter.ForkedBooter.invokeProviderInSameClassLoader(ForkedBooter.java:203)
at org.apache.maven.surefire.booter.ForkedBooter.runSuitesInProcess(ForkedBooter.java:155)
at org.apache.maven.surefire.booter.ForkedBooter.main(ForkedBooter.java:103)
]]>
            </full-stacktrace>
          </exception> <!-- java.lang.AssertionError -->
          <reporter-output>
          </reporter-output>
        </test-method> <!-- guestTest -->
        <test-method status="PASS" signature="guestTest(java.lang.String, java.lang.String, java.lang.String, java.lang.String, java.lang.String, java.lang.String)[pri:0, instance:com.bookmyroom.testng.BookMyRoomTest@86be70a]" name="guestTest" duration-ms="24793" started-at="2018-09-24T03:00:35Z" data-provider="GuestSheetData" finished-at="2018-09-24T03:01:00Z">
          <params>
            <param index="0">
              <value>
                <![CDATA[TestCase_Search_2]]>
              </value>
            </param>
            <param index="1">
              <value>
                <![CDATA[Mumbai]]>
              </value>
            </param>
            <param index="2">
              <value>
                <![CDATA[09/23]]>
              </value>
            </param>
            <param index="3">
              <value>
                <![CDATA[09/24]]>
              </value>
            </param>
            <param index="4">
              <value>
                <![CDATA[Single-AC]]>
              </value>
            </param>
            <param index="5">
              <value>
                <![CDATA[Please Select Proper City Name]]>
              </value>
            </param>
          </params>
          <reporter-output>
          </reporter-output>
        </test-method> <!-- guestTest -->
        <test-method status="PASS" signature="guestTest(java.lang.String, java.lang.String, java.lang.String, java.lang.String, java.lang.String, java.lang.String)[pri:0, instance:com.bookmyroom.testng.BookMyRoomTest@86be70a]" name="guestTest" duration-ms="24711" started-at="2018-09-24T03:01:00Z" data-provider="GuestSheetData" finished-at="2018-09-24T03:01:24Z">
          <params>
            <param index="0">
              <value>
                <![CDATA[TestCase_Search_3]]>
              </value>
            </param>
            <param index="1">
              <value>
                <![CDATA[Agra]]>
              </value>
            </param>
            <param index="2">
              <value>
                <![CDATA[09/23]]>
              </value>
            </param>
            <param index="3">
              <value>
                <![CDATA[09/23]]>
              </value>
            </param>
            <param index="4">
              <value>
                <![CDATA[Single-AC]]>
              </value>
            </param>
            <param index="5">
              <value>
                <![CDATA[Checkout Date and CheckIn date Should not be same]]>
              </value>
            </param>
          </params>
          <reporter-output>
          </reporter-output>
        </test-method> <!-- guestTest -->
        <test-method status="PASS" signature="guestTest(java.lang.String, java.lang.String, java.lang.String, java.lang.String, java.lang.String, java.lang.String)[pri:0, instance:com.bookmyroom.testng.BookMyRoomTest@86be70a]" name="guestTest" duration-ms="25630" started-at="2018-09-24T03:01:24Z" data-provider="GuestSheetData" finished-at="2018-09-24T03:01:50Z">
          <params>
            <param index="0">
              <value>
                <![CDATA[TestCase_Search_4]]>
              </value>
            </param>
            <param index="1">
              <value>
                <![CDATA[Chennai]]>
              </value>
            </param>
            <param index="2">
              <value>
                <![CDATA[09/23]]>
              </value>
            </param>
            <param index="3">
              <value>
                <![CDATA[09/23]]>
              </value>
            </param>
            <param index="4">
              <value>
                <![CDATA[Single-AC]]>
              </value>
            </param>
            <param index="5">
              <value>
                <![CDATA[Checkout Date and CheckIn date Should not be same]]>
              </value>
            </param>
          </params>
          <reporter-output>
          </reporter-output>
        </test-method> <!-- guestTest -->
        <test-method status="FAIL" signature="guestTest(java.lang.String, java.lang.String, java.lang.String, java.lang.String, java.lang.String, java.lang.String)[pri:0, instance:com.bookmyroom.testng.BookMyRoomTest@86be70a]" name="guestTest" duration-ms="23379" started-at="2018-09-24T03:01:50Z" data-provider="GuestSheetData" finished-at="2018-09-24T03:02:13Z">
          <params>
            <param index="0">
              <value>
                <![CDATA[TestCase_Search_5]]>
              </value>
            </param>
            <param index="1">
              <value>
                <![CDATA[Kolkata]]>
              </value>
            </param>
            <param index="2">
              <value>
                <![CDATA[09/24]]>
              </value>
            </param>
            <param index="3">
              <value>
                <![CDATA[09/23]]>
              </value>
            </param>
            <param index="4">
              <value>
                <![CDATA[Single-AC]]>
              </value>
            </param>
            <param index="5">
              <value>
                <![CDATA[CheckIn Date cannot be prior to CheckOut Date]]>
              </value>
            </param>
          </params>
          <exception class="java.lang.AssertionError">
            <message>
              <![CDATA[expected [false] but found [true]]]>
            </message>
            <full-stacktrace>
              <![CDATA[java.lang.AssertionError: expected [false] but found [true]
at org.testng.Assert.fail(Assert.java:96)
at org.testng.Assert.failNotEquals(Assert.java:776)
at org.testng.Assert.assertFalse(Assert.java:65)
at org.testng.Assert.assertFalse(Assert.java:75)
at com.bookmyroom.util.Reusable.verifyPresence(Reusable.java:167)
at com.bookmyroom.pages.SearchHotels.guestSearch(SearchHotels.java:148)
at com.bookmyroom.pages.GuestMode.guestSearch(GuestMode.java:45)
at com.bookmyroom.testng.BookMyRoomTest.guestTest(BookMyRoomTest.java:149)
at sun.reflect.NativeMethodAccessorImpl.invoke0(Native Method)
at sun.reflect.NativeMethodAccessorImpl.invoke(NativeMethodAccessorImpl.java:62)
at sun.reflect.DelegatingMethodAccessorImpl.invoke(DelegatingMethodAccessorImpl.java:43)
at java.lang.reflect.Method.invoke(Method.java:498)
at org.testng.internal.MethodInvocationHelper.invokeMethod(MethodInvocationHelper.java:124)
at org.testng.internal.Invoker.invokeMethod(Invoker.java:583)
at org.testng.internal.Invoker.invokeTestMethod(Invoker.java:719)
at org.testng.internal.Invoker.invokeTestMethods(Invoker.java:989)
at org.testng.internal.TestMethodWorker.invokeTestMethods(TestMethodWorker.java:125)
at org.testng.internal.TestMethodWorker.run(TestMethodWorker.java:109)
at org.testng.TestRunner.privateRun(TestRunner.java:648)
at org.testng.TestRunner.run(TestRunner.java:505)
at org.testng.SuiteRunner.runTest(SuiteRunner.java:455)
at org.testng.SuiteRunner.runSequentially(SuiteRunner.java:450)
at org.testng.SuiteRunner.privateRun(SuiteRunner.java:415)
at org.testng.SuiteRunner.run(SuiteRunner.java:364)
at org.testng.SuiteRunnerWorker.runSuite(SuiteRunnerWorker.java:52)
at org.testng.SuiteRunnerWorker.run(SuiteRunnerWorker.java:84)
at org.testng.TestNG.runSuitesSequentially(TestNG.java:1208)
at org.testng.TestNG.runSuitesLocally(TestNG.java:1137)
at org.testng.TestNG.runSuites(TestNG.java:1049)
at org.testng.TestNG.run(TestNG.java:1017)
at org.apache.maven.surefire.testng.TestNGExecutor.run(TestNGExecutor.java:295)
at org.apache.maven.surefire.testng.TestNGXmlTestSuite.execute(TestNGXmlTestSuite.java:84)
at org.apache.maven.surefire.testng.TestNGProvider.invoke(TestNGProvider.java:90)
at org.apache.maven.surefire.booter.ForkedBooter.invokeProviderInSameClassLoader(ForkedBooter.java:203)
at org.apache.maven.surefire.booter.ForkedBooter.runSuitesInProcess(ForkedBooter.java:155)
at org.apache.maven.surefire.booter.ForkedBooter.main(ForkedBooter.java:103)
]]>
            </full-stacktrace>
          </exception> <!-- java.lang.AssertionError -->
          <reporter-output>
          </reporter-output>
        </test-method> <!-- guestTest -->
        <test-method status="PASS" signature="loginTest(java.lang.String, java.lang.String, java.lang.String, java.lang.String)[pri:0, instance:com.bookmyroom.testng.BookMyRoomTest@86be70a]" name="loginTest" duration-ms="18298" started-at="2018-09-24T03:02:15Z" data-provider="LoginSheetData" finished-at="2018-09-24T03:02:33Z">
          <params>
            <param index="0">
              <value>
                <![CDATA[TestCase_Login_1]]>
              </value>
            </param>
            <param index="1">
              <value>
                <![CDATA[Nikhil4]]>
              </value>
            </param>
            <param index="2">
              <value>
                <![CDATA[Nikhil@6]]>
              </value>
            </param>
            <param index="3">
              <value>
                <![CDATA[Logged in Successfully !]]>
              </value>
            </param>
          </params>
          <reporter-output>
          </reporter-output>
        </test-method> <!-- loginTest -->
        <test-method status="PASS" signature="loginTest(java.lang.String, java.lang.String, java.lang.String, java.lang.String)[pri:0, instance:com.bookmyroom.testng.BookMyRoomTest@86be70a]" name="loginTest" duration-ms="20434" started-at="2018-09-24T03:02:33Z" data-provider="LoginSheetData" finished-at="2018-09-24T03:02:54Z">
          <params>
            <param index="0">
              <value>
                <![CDATA[TestCase_Login_2]]>
              </value>
            </param>
            <param index="1">
              <value>
                <![CDATA[admin]]>
              </value>
            </param>
            <param index="2">
              <value>
                <![CDATA[admin]]>
              </value>
            </param>
            <param index="3">
              <value>
                <![CDATA[Invalid Credentials !]]>
              </value>
            </param>
          </params>
          <reporter-output>
          </reporter-output>
        </test-method> <!-- loginTest -->
        <test-method status="PASS" signature="loginTest(java.lang.String, java.lang.String, java.lang.String, java.lang.String)[pri:0, instance:com.bookmyroom.testng.BookMyRoomTest@86be70a]" name="loginTest" duration-ms="20565" started-at="2018-09-24T03:02:54Z" data-provider="LoginSheetData" finished-at="2018-09-24T03:03:14Z">
          <params>
            <param index="0">
              <value>
                <![CDATA[TestCase_Login_3]]>
              </value>
            </param>
            <param index="1">
              <value>
                <![CDATA[Nikhil]]>
              </value>
            </param>
            <param index="2">
              <value>
                <![CDATA[Nikhil@6]]>
              </value>
            </param>
            <param index="3">
              <value>
                <![CDATA[Invalid Credentials !]]>
              </value>
            </param>
          </params>
          <reporter-output>
          </reporter-output>
        </test-method> <!-- loginTest -->
        <test-method status="PASS" signature="loginTest(java.lang.String, java.lang.String, java.lang.String, java.lang.String)[pri:0, instance:com.bookmyroom.testng.BookMyRoomTest@86be70a]" name="loginTest" duration-ms="20879" started-at="2018-09-24T03:03:14Z" data-provider="LoginSheetData" finished-at="2018-09-24T03:03:35Z">
          <params>
            <param index="0">
              <value>
                <![CDATA[TestCase_Login_4]]>
              </value>
            </param>
            <param index="1">
              <value>
                <![CDATA[Nikhil4]]>
              </value>
            </param>
            <param index="2">
              <value>
                <![CDATA[Qwerty123]]>
              </value>
            </param>
            <param index="3">
              <value>
                <![CDATA[Invalid Credentials !]]>
              </value>
            </param>
          </params>
          <reporter-output>
          </reporter-output>
        </test-method> <!-- loginTest -->
        <test-method status="PASS" signature="loginTest(java.lang.String, java.lang.String, java.lang.String, java.lang.String)[pri:0, instance:com.bookmyroom.testng.BookMyRoomTest@86be70a]" name="loginTest" duration-ms="20414" started-at="2018-09-24T03:03:35Z" data-provider="LoginSheetData" finished-at="2018-09-24T03:03:56Z">
          <params>
            <param index="0">
              <value>
                <![CDATA[TestCase_Login_5]]>
              </value>
            </param>
            <param index="1">
              <value>
                <![CDATA[qwerty]]>
              </value>
            </param>
            <param index="2">
              <value>
                <![CDATA[123456.0]]>
              </value>
            </param>
            <param index="3">
              <value>
                <![CDATA[Invalid Credentials !]]>
              </value>
            </param>
          </params>
          <reporter-output>
          </reporter-output>
        </test-method> <!-- loginTest -->
        <test-method status="FAIL" signature="searchTest(java.lang.String, java.lang.String, java.lang.String, java.lang.String, java.lang.String, java.lang.String)[pri:0, instance:com.bookmyroom.testng.BookMyRoomTest@86be70a]" name="searchTest" duration-ms="36640" started-at="2018-09-24T03:03:56Z" data-provider="SearchSheetData" finished-at="2018-09-24T03:04:32Z">
          <params>
            <param index="0">
              <value>
                <![CDATA[TestCase_Search_1]]>
              </value>
            </param>
            <param index="1">
              <value>
                <![CDATA[Agra]]>
              </value>
            </param>
            <param index="2">
              <value>
                <![CDATA[09/23]]>
              </value>
            </param>
            <param index="3">
              <value>
                <![CDATA[09/24]]>
              </value>
            </param>
            <param index="4">
              <value>
                <![CDATA[Single-AC]]>
              </value>
            </param>
            <param index="5">
              <value>
                <![CDATA[Hotel Bhoomi Residency ]]>
              </value>
            </param>
          </params>
          <exception class="java.lang.AssertionError">
            <message>
              <![CDATA[expected [false] but found [true]]]>
            </message>
            <full-stacktrace>
              <![CDATA[java.lang.AssertionError: expected [false] but found [true]
at org.testng.Assert.fail(Assert.java:96)
at org.testng.Assert.failNotEquals(Assert.java:776)
at org.testng.Assert.assertFalse(Assert.java:65)
at org.testng.Assert.assertFalse(Assert.java:75)
at com.bookmyroom.util.Reusable.verifyPresence(Reusable.java:167)
at com.bookmyroom.pages.SearchHotels.search(SearchHotels.java:82)
at com.bookmyroom.testng.BookMyRoomTest.searchTest(BookMyRoomTest.java:108)
at sun.reflect.NativeMethodAccessorImpl.invoke0(Native Method)
at sun.reflect.NativeMethodAccessorImpl.invoke(NativeMethodAccessorImpl.java:62)
at sun.reflect.DelegatingMethodAccessorImpl.invoke(DelegatingMethodAccessorImpl.java:43)
at java.lang.reflect.Method.invoke(Method.java:498)
at org.testng.internal.MethodInvocationHelper.invokeMethod(MethodInvocationHelper.java:124)
at org.testng.internal.Invoker.invokeMethod(Invoker.java:583)
at org.testng.internal.Invoker.invokeTestMethod(Invoker.java:719)
at org.testng.internal.Invoker.invokeTestMethods(Invoker.java:989)
at org.testng.internal.TestMethodWorker.invokeTestMethods(TestMethodWorker.java:125)
at org.testng.internal.TestMethodWorker.run(TestMethodWorker.java:109)
at org.testng.TestRunner.privateRun(TestRunner.java:648)
at org.testng.TestRunner.run(TestRunner.java:505)
at org.testng.SuiteRunner.runTest(SuiteRunner.java:455)
at org.testng.SuiteRunner.runSequentially(SuiteRunner.java:450)
at org.testng.SuiteRunner.privateRun(SuiteRunner.java:415)
at org.testng.SuiteRunner.run(SuiteRunner.java:364)
at org.testng.SuiteRunnerWorker.runSuite(SuiteRunnerWorker.java:52)
at org.testng.SuiteRunnerWorker.run(SuiteRunnerWorker.java:84)
at org.testng.TestNG.runSuitesSequentially(TestNG.java:1208)
at org.testng.TestNG.runSuitesLocally(TestNG.java:1137)
at org.testng.TestNG.runSuites(TestNG.java:1049)
at org.testng.TestNG.run(TestNG.java:1017)
at org.apache.maven.surefire.testng.TestNGExecutor.run(TestNGExecutor.java:295)
at org.apache.maven.surefire.testng.TestNGXmlTestSuite.execute(TestNGXmlTestSuite.java:84)
at org.apache.maven.surefire.testng.TestNGProvider.invoke(TestNGProvider.java:90)
at org.apache.maven.surefire.booter.ForkedBooter.invokeProviderInSameClassLoader(ForkedBooter.java:203)
at org.apache.maven.surefire.booter.ForkedBooter.runSuitesInProcess(ForkedBooter.java:155)
at org.apache.maven.surefire.booter.ForkedBooter.main(ForkedBooter.java:103)
]]>
            </full-stacktrace>
          </exception> <!-- java.lang.AssertionError -->
          <reporter-output>
          </reporter-output>
        </test-method> <!-- searchTest -->
        <test-method status="PASS" signature="searchTest(java.lang.String, java.lang.String, java.lang.String, java.lang.String, java.lang.String, java.lang.String)[pri:0, instance:com.bookmyroom.testng.BookMyRoomTest@86be70a]" name="searchTest" duration-ms="36689" started-at="2018-09-24T03:04:33Z" data-provider="SearchSheetData" finished-at="2018-09-24T03:05:10Z">
          <params>
            <param index="0">
              <value>
                <![CDATA[TestCase_Search_2]]>
              </value>
            </param>
            <param index="1">
              <value>
                <![CDATA[Mumbai]]>
              </value>
            </param>
            <param index="2">
              <value>
                <![CDATA[09/23]]>
              </value>
            </param>
            <param index="3">
              <value>
                <![CDATA[09/24]]>
              </value>
            </param>
            <param index="4">
              <value>
                <![CDATA[Single-AC]]>
              </value>
            </param>
            <param index="5">
              <value>
                <![CDATA[Please Select Proper City Name]]>
              </value>
            </param>
          </params>
          <reporter-output>
          </reporter-output>
        </test-method> <!-- searchTest -->
        <test-method status="PASS" signature="searchTest(java.lang.String, java.lang.String, java.lang.String, java.lang.String, java.lang.String, java.lang.String)[pri:0, instance:com.bookmyroom.testng.BookMyRoomTest@86be70a]" name="searchTest" duration-ms="35550" started-at="2018-09-24T03:05:10Z" data-provider="SearchSheetData" finished-at="2018-09-24T03:05:46Z">
          <params>
            <param index="0">
              <value>
                <![CDATA[TestCase_Search_3]]>
              </value>
            </param>
            <param index="1">
              <value>
                <![CDATA[Agra]]>
              </value>
            </param>
            <param index="2">
              <value>
                <![CDATA[09/23]]>
              </value>
            </param>
            <param index="3">
              <value>
                <![CDATA[09/23]]>
              </value>
            </param>
            <param index="4">
              <value>
                <![CDATA[Single-AC]]>
              </value>
            </param>
            <param index="5">
              <value>
                <![CDATA[Checkout Date and CheckIn date Should not be same]]>
              </value>
            </param>
          </params>
          <reporter-output>
          </reporter-output>
        </test-method> <!-- searchTest -->
        <test-method status="FAIL" signature="searchTest(java.lang.String, java.lang.String, java.lang.String, java.lang.String, java.lang.String, java.lang.String)[pri:0, instance:com.bookmyroom.testng.BookMyRoomTest@86be70a]" name="searchTest" duration-ms="18902" started-at="2018-09-24T03:05:46Z" data-provider="SearchSheetData" finished-at="2018-09-24T03:06:05Z">
          <params>
            <param index="0">
              <value>
                <![CDATA[TestCase_Search_4]]>
              </value>
            </param>
            <param index="1">
              <value>
                <![CDATA[Chennai]]>
              </value>
            </param>
            <param index="2">
              <value>
                <![CDATA[09/23]]>
              </value>
            </param>
            <param index="3">
              <value>
                <![CDATA[09/23]]>
              </value>
            </param>
            <param index="4">
              <value>
                <![CDATA[Single-AC]]>
              </value>
            </param>
            <param index="5">
              <value>
                <![CDATA[Checkout Date and CheckIn date Should not be same]]>
              </value>
            </param>
          </params>
          <exception class="org.openqa.selenium.TimeoutException">
            <message>
              <![CDATA[Expected condition failed: waiting for visibility of element located by By.xpath: //span[@class='mat-button-wrapper'] (tried for 3 second(s) with 500 milliseconds interval)
Build info: version: '3.13.0', revision: '2f0d292', time: '2018-06-25T15:24:21.231Z'
System info: host: 'G1C2ML15656', ip: '172.17.124.165', os.name: 'Windows 10', os.arch: 'amd64', os.version: '10.0', java.version: '1.8.0_102'
Driver info: org.openqa.selenium.chrome.ChromeDriver
Capabilities {acceptInsecureCerts: false, acceptSslCerts: false, applicationCacheEnabled: false, browserConnectionEnabled: false, browserName: chrome, chrome: {chromedriverVersion: 2.42.591088 (7b2b2dca23cca0..., userDataDir: C:\Users\M1047105\AppData\L...}, cssSelectorsEnabled: true, databaseEnabled: false, goog:chromeOptions: {debuggerAddress: localhost:50876}, handlesAlerts: true, hasTouchScreen: false, javascriptEnabled: true, locationContextEnabled: true, mobileEmulationEnabled: false, nativeEvents: true, networkConnectionEnabled: false, pageLoadStrategy: normal, platform: XP, platformName: XP, rotatable: false, setWindowRect: true, takesHeapSnapshot: true, takesScreenshot: true, unexpectedAlertBehaviour: , unhandledPromptBehavior: , version: 68.0.3440.106, webStorageEnabled: true}
Session ID: f5773077eb280e3bc5571b3b5058530e]]>
            </message>
            <full-stacktrace>
              <![CDATA[org.openqa.selenium.TimeoutException: Expected condition failed: waiting for visibility of element located by By.xpath: //span[@class='mat-button-wrapper'] (tried for 3 second(s) with 500 milliseconds interval)
Build info: version: '3.13.0', revision: '2f0d292', time: '2018-06-25T15:24:21.231Z'
System info: host: 'G1C2ML15656', ip: '172.17.124.165', os.name: 'Windows 10', os.arch: 'amd64', os.version: '10.0', java.version: '1.8.0_102'
Driver info: org.openqa.selenium.chrome.ChromeDriver
Capabilities {acceptInsecureCerts: false, acceptSslCerts: false, applicationCacheEnabled: false, browserConnectionEnabled: false, browserName: chrome, chrome: {chromedriverVersion: 2.42.591088 (7b2b2dca23cca0..., userDataDir: C:\Users\M1047105\AppData\L...}, cssSelectorsEnabled: true, databaseEnabled: false, goog:chromeOptions: {debuggerAddress: localhost:50876}, handlesAlerts: true, hasTouchScreen: false, javascriptEnabled: true, locationContextEnabled: true, mobileEmulationEnabled: false, nativeEvents: true, networkConnectionEnabled: false, pageLoadStrategy: normal, platform: XP, platformName: XP, rotatable: false, setWindowRect: true, takesHeapSnapshot: true, takesScreenshot: true, unexpectedAlertBehaviour: , unhandledPromptBehavior: , version: 68.0.3440.106, webStorageEnabled: true}
Session ID: f5773077eb280e3bc5571b3b5058530e
at org.openqa.selenium.support.ui.WebDriverWait.timeoutException(WebDriverWait.java:81)
at org.openqa.selenium.support.ui.FluentWait.until(FluentWait.java:271)
at com.bookmyroom.util.Reusable.click(Reusable.java:104)
at com.bookmyroom.pages.SearchHotels.search(SearchHotels.java:50)
at com.bookmyroom.testng.BookMyRoomTest.searchTest(BookMyRoomTest.java:108)
at sun.reflect.NativeMethodAccessorImpl.invoke0(Native Method)
at sun.reflect.NativeMethodAccessorImpl.invoke(NativeMethodAccessorImpl.java:62)
at sun.reflect.DelegatingMethodAccessorImpl.invoke(DelegatingMethodAccessorImpl.java:43)
at java.lang.reflect.Method.invoke(Method.java:498)
at org.testng.internal.MethodInvocationHelper.invokeMethod(MethodInvocationHelper.java:124)
at org.testng.internal.Invoker.invokeMethod(Invoker.java:583)
at org.testng.internal.Invoker.invokeTestMethod(Invoker.java:719)
at org.testng.internal.Invoker.invokeTestMethods(Invoker.java:989)
at org.testng.internal.TestMethodWorker.invokeTestMethods(TestMethodWorker.java:125)
at org.testng.internal.TestMethodWorker.run(TestMethodWorker.java:109)
at org.testng.TestRunner.privateRun(TestRunner.java:648)
at org.testng.TestRunner.run(TestRunner.java:505)
at org.testng.SuiteRunner.runTest(SuiteRunner.java:455)
at org.testng.SuiteRunner.runSequentially(SuiteRunner.java:450)
at org.testng.SuiteRunner.privateRun(SuiteRunner.java:415)
at org.testng.SuiteRunner.run(SuiteRunner.java:364)
at org.testng.SuiteRunnerWorker.runSuite(SuiteRunnerWorker.java:52)
at org.testng.SuiteRunnerWorker.run(SuiteRunnerWorker.java:84)
at org.testng.TestNG.runSuitesSequentially(TestNG.java:1208)
at org.testng.TestNG.runSuitesLocally(TestNG.java:1137)
at org.testng.TestNG.runSuites(TestNG.java:1049)
at org.testng.TestNG.run(TestNG.java:1017)
at org.apache.maven.surefire.testng.TestNGExecutor.run(TestNGExecutor.java:295)
at org.apache.maven.surefire.testng.TestNGXmlTestSuite.execute(TestNGXmlTestSuite.java:84)
at org.apache.maven.surefire.testng.TestNGProvider.invoke(TestNGProvider.java:90)
at org.apache.maven.surefire.booter.ForkedBooter.invokeProviderInSameClassLoader(ForkedBooter.java:203)
at org.apache.maven.surefire.booter.ForkedBooter.runSuitesInProcess(ForkedBooter.java:155)
at org.apache.maven.surefire.booter.ForkedBooter.main(ForkedBooter.java:103)
]]>
            </full-stacktrace>
          </exception> <!-- org.openqa.selenium.TimeoutException -->
          <reporter-output>
          </reporter-output>
        </test-method> <!-- searchTest -->
        <test-method status="FAIL" signature="searchTest(java.lang.String, java.lang.String, java.lang.String, java.lang.String, java.lang.String, java.lang.String)[pri:0, instance:com.bookmyroom.testng.BookMyRoomTest@86be70a]" name="searchTest" duration-ms="35612" started-at="2018-09-24T03:06:06Z" data-provider="SearchSheetData" finished-at="2018-09-24T03:06:41Z">
          <params>
            <param index="0">
              <value>
                <![CDATA[TestCase_Search_5]]>
              </value>
            </param>
            <param index="1">
              <value>
                <![CDATA[Kolkata]]>
              </value>
            </param>
            <param index="2">
              <value>
                <![CDATA[09/24]]>
              </value>
            </param>
            <param index="3">
              <value>
                <![CDATA[09/23]]>
              </value>
            </param>
            <param index="4">
              <value>
                <![CDATA[Single-AC]]>
              </value>
            </param>
            <param index="5">
              <value>
                <![CDATA[CheckIn Date cannot be prior to CheckOut Date]]>
              </value>
            </param>
          </params>
          <exception class="java.lang.AssertionError">
            <message>
              <![CDATA[expected [false] but found [true]]]>
            </message>
            <full-stacktrace>
              <![CDATA[java.lang.AssertionError: expected [false] but found [true]
at org.testng.Assert.fail(Assert.java:96)
at org.testng.Assert.failNotEquals(Assert.java:776)
at org.testng.Assert.assertFalse(Assert.java:65)
at org.testng.Assert.assertFalse(Assert.java:75)
at com.bookmyroom.util.Reusable.verifyPresence(Reusable.java:167)
at com.bookmyroom.pages.SearchHotels.search(SearchHotels.java:82)
at com.bookmyroom.testng.BookMyRoomTest.searchTest(BookMyRoomTest.java:108)
at sun.reflect.NativeMethodAccessorImpl.invoke0(Native Method)
at sun.reflect.NativeMethodAccessorImpl.invoke(NativeMethodAccessorImpl.java:62)
at sun.reflect.DelegatingMethodAccessorImpl.invoke(DelegatingMethodAccessorImpl.java:43)
at java.lang.reflect.Method.invoke(Method.java:498)
at org.testng.internal.MethodInvocationHelper.invokeMethod(MethodInvocationHelper.java:124)
at org.testng.internal.Invoker.invokeMethod(Invoker.java:583)
at org.testng.internal.Invoker.invokeTestMethod(Invoker.java:719)
at org.testng.internal.Invoker.invokeTestMethods(Invoker.java:989)
at org.testng.internal.TestMethodWorker.invokeTestMethods(TestMethodWorker.java:125)
at org.testng.internal.TestMethodWorker.run(TestMethodWorker.java:109)
at org.testng.TestRunner.privateRun(TestRunner.java:648)
at org.testng.TestRunner.run(TestRunner.java:505)
at org.testng.SuiteRunner.runTest(SuiteRunner.java:455)
at org.testng.SuiteRunner.runSequentially(SuiteRunner.java:450)
at org.testng.SuiteRunner.privateRun(SuiteRunner.java:415)
at org.testng.SuiteRunner.run(SuiteRunner.java:364)
at org.testng.SuiteRunnerWorker.runSuite(SuiteRunnerWorker.java:52)
at org.testng.SuiteRunnerWorker.run(SuiteRunnerWorker.java:84)
at org.testng.TestNG.runSuitesSequentially(TestNG.java:1208)
at org.testng.TestNG.runSuitesLocally(TestNG.java:1137)
at org.testng.TestNG.runSuites(TestNG.java:1049)
at org.testng.TestNG.run(TestNG.java:1017)
at org.apache.maven.surefire.testng.TestNGExecutor.run(TestNGExecutor.java:295)
at org.apache.maven.surefire.testng.TestNGXmlTestSuite.execute(TestNGXmlTestSuite.java:84)
at org.apache.maven.surefire.testng.TestNGProvider.invoke(TestNGProvider.java:90)
at org.apache.maven.surefire.booter.ForkedBooter.invokeProviderInSameClassLoader(ForkedBooter.java:203)
at org.apache.maven.surefire.booter.ForkedBooter.runSuitesInProcess(ForkedBooter.java:155)
at org.apache.maven.surefire.booter.ForkedBooter.main(ForkedBooter.java:103)
]]>
            </full-stacktrace>
          </exception> <!-- java.lang.AssertionError -->
          <reporter-output>
          </reporter-output>
        </test-method> <!-- searchTest -->
        <test-method status="PASS" signature="signUpTest(java.lang.String, java.lang.String, java.lang.String, java.lang.String, java.lang.String, java.lang.String, java.lang.String, java.lang.String, java.lang.String)[pri:0, instance:com.bookmyroom.testng.BookMyRoomTest@86be70a]" name="signUpTest" duration-ms="30866" started-at="2018-09-24T03:06:42Z" data-provider="SignUpSheetData" finished-at="2018-09-24T03:07:13Z">
          <params>
            <param index="0">
              <value>
                <![CDATA[TestCase_SignUp_1]]>
              </value>
            </param>
            <param index="1">
              <value>
                <![CDATA[Nikhil Reddy]]>
              </value>
            </param>
            <param index="2">
              <value>
                <![CDATA[nikhilreddyaileni@gmail.com]]>
              </value>
            </param>
            <param index="3">
              <value>
                <![CDATA[Aa1]]>
              </value>
            </param>
            <param index="4">
              <value>
                <![CDATA[Qwerty#123]]>
              </value>
            </param>
            <param index="5">
              <value>
                <![CDATA[Male]]>
              </value>
            </param>
            <param index="6">
              <value>
                <![CDATA[22]]>
              </value>
            </param>
            <param index="7">
              <value>
                <![CDATA[9490222395]]>
              </value>
            </param>
            <param index="8">
              <value>
                <![CDATA[Oops...]]>
              </value>
            </param>
          </params>
          <reporter-output>
          </reporter-output>
        </test-method> <!-- signUpTest -->
        <test-method status="PASS" signature="signUpTest(java.lang.String, java.lang.String, java.lang.String, java.lang.String, java.lang.String, java.lang.String, java.lang.String, java.lang.String, java.lang.String)[pri:0, instance:com.bookmyroom.testng.BookMyRoomTest@86be70a]" name="signUpTest" duration-ms="31124" started-at="2018-09-24T03:07:13Z" data-provider="SignUpSheetData" finished-at="2018-09-24T03:07:44Z">
          <params>
            <param index="0">
              <value>
                <![CDATA[TestCase_SignUp_2]]>
              </value>
            </param>
            <param index="1">
              <value>
                <![CDATA[Nikhil Reddy]]>
              </value>
            </param>
            <param index="2">
              <value>
                <![CDATA[nikhilreddyaileni@gmail.com]]>
              </value>
            </param>
            <param index="3">
              <value>
                <![CDATA[Aa2]]>
              </value>
            </param>
            <param index="4">
              <value>
                <![CDATA[Qwerty#123]]>
              </value>
            </param>
            <param index="5">
              <value>
                <![CDATA[Male]]>
              </value>
            </param>
            <param index="6">
              <value>
                <![CDATA[22]]>
              </value>
            </param>
            <param index="7">
              <value>
                <![CDATA[9490222395]]>
              </value>
            </param>
            <param index="8">
              <value>
                <![CDATA[Oops...]]>
              </value>
            </param>
          </params>
          <reporter-output>
          </reporter-output>
        </test-method> <!-- signUpTest -->
        <test-method status="PASS" signature="signUpTest(java.lang.String, java.lang.String, java.lang.String, java.lang.String, java.lang.String, java.lang.String, java.lang.String, java.lang.String, java.lang.String)[pri:0, instance:com.bookmyroom.testng.BookMyRoomTest@86be70a]" name="signUpTest" duration-ms="32142" started-at="2018-09-24T03:07:44Z" data-provider="SignUpSheetData" finished-at="2018-09-24T03:08:16Z">
          <params>
            <param index="0">
              <value>
                <![CDATA[TestCase_SignUp_3]]>
              </value>
            </param>
            <param index="1">
              <value>
                <![CDATA[Nikhil Reddy]]>
              </value>
            </param>
            <param index="2">
              <value>
                <![CDATA[nikhilreddyaileni@gmail.com]]>
              </value>
            </param>
            <param index="3">
              <value>
                <![CDATA[Aa3]]>
              </value>
            </param>
            <param index="4">
              <value>
                <![CDATA[Qwerty#123]]>
              </value>
            </param>
            <param index="5">
              <value>
                <![CDATA[Male]]>
              </value>
            </param>
            <param index="6">
              <value>
                <![CDATA[22]]>
              </value>
            </param>
            <param index="7">
              <value>
                <![CDATA[9490222395]]>
              </value>
            </param>
            <param index="8">
              <value>
                <![CDATA[Oops...]]>
              </value>
            </param>
          </params>
          <reporter-output>
          </reporter-output>
        </test-method> <!-- signUpTest -->
        <test-method status="PASS" signature="signUpTest(java.lang.String, java.lang.String, java.lang.String, java.lang.String, java.lang.String, java.lang.String, java.lang.String, java.lang.String, java.lang.String)[pri:0, instance:com.bookmyroom.testng.BookMyRoomTest@86be70a]" name="signUpTest" duration-ms="32204" started-at="2018-09-24T03:08:16Z" data-provider="SignUpSheetData" finished-at="2018-09-24T03:08:49Z">
          <params>
            <param index="0">
              <value>
                <![CDATA[TestCase_SignUp_4]]>
              </value>
            </param>
            <param index="1">
              <value>
                <![CDATA[Nikhil Reddy]]>
              </value>
            </param>
            <param index="2">
              <value>
                <![CDATA[nikhilreddyaileni@gmail.com]]>
              </value>
            </param>
            <param index="3">
              <value>
                <![CDATA[Aa4]]>
              </value>
            </param>
            <param index="4">
              <value>
                <![CDATA[Qwerty#123]]>
              </value>
            </param>
            <param index="5">
              <value>
                <![CDATA[Male]]>
              </value>
            </param>
            <param index="6">
              <value>
                <![CDATA[22]]>
              </value>
            </param>
            <param index="7">
              <value>
                <![CDATA[9490222395]]>
              </value>
            </param>
            <param index="8">
              <value>
                <![CDATA[Oops...]]>
              </value>
            </param>
          </params>
          <reporter-output>
          </reporter-output>
        </test-method> <!-- signUpTest -->
        <test-method status="FAIL" signature="signUpTest(java.lang.String, java.lang.String, java.lang.String, java.lang.String, java.lang.String, java.lang.String, java.lang.String, java.lang.String, java.lang.String)[pri:0, instance:com.bookmyroom.testng.BookMyRoomTest@86be70a]" name="signUpTest" duration-ms="31137" started-at="2018-09-24T03:08:49Z" data-provider="SignUpSheetData" finished-at="2018-09-24T03:09:20Z">
          <params>
            <param index="0">
              <value>
                <![CDATA[TestCase_SignUp_5]]>
              </value>
            </param>
            <param index="1">
              <value>
                <![CDATA[Nikhil Reddy]]>
              </value>
            </param>
            <param index="2">
              <value>
                <![CDATA[nikhilreddyaileni@gmail.com]]>
              </value>
            </param>
            <param index="3">
              <value>
                <![CDATA[Aa5]]>
              </value>
            </param>
            <param index="4">
              <value>
                <![CDATA[Qwerty#123]]>
              </value>
            </param>
            <param index="5">
              <value>
                <![CDATA[Male]]>
              </value>
            </param>
            <param index="6">
              <value>
                <![CDATA[22]]>
              </value>
            </param>
            <param index="7">
              <value>
                <![CDATA[9490222395]]>
              </value>
            </param>
            <param index="8">
              <value>
                <![CDATA[Oops]]>
              </value>
            </param>
          </params>
          <exception class="java.lang.AssertionError">
            <message>
              <![CDATA[expected [false] but found [true]]]>
            </message>
            <full-stacktrace>
              <![CDATA[java.lang.AssertionError: expected [false] but found [true]
at org.testng.Assert.fail(Assert.java:96)
at org.testng.Assert.failNotEquals(Assert.java:776)
at org.testng.Assert.assertFalse(Assert.java:65)
at org.testng.Assert.assertFalse(Assert.java:75)
at com.bookmyroom.util.Reusable.verifyPresence(Reusable.java:167)
at com.bookmyroom.pages.SignUpPage.signUp(SignUpPage.java:89)
at com.bookmyroom.testng.BookMyRoomTest.signUpTest(BookMyRoomTest.java:64)
at sun.reflect.NativeMethodAccessorImpl.invoke0(Native Method)
at sun.reflect.NativeMethodAccessorImpl.invoke(NativeMethodAccessorImpl.java:62)
at sun.reflect.DelegatingMethodAccessorImpl.invoke(DelegatingMethodAccessorImpl.java:43)
at java.lang.reflect.Method.invoke(Method.java:498)
at org.testng.internal.MethodInvocationHelper.invokeMethod(MethodInvocationHelper.java:124)
at org.testng.internal.Invoker.invokeMethod(Invoker.java:583)
at org.testng.internal.Invoker.invokeTestMethod(Invoker.java:719)
at org.testng.internal.Invoker.invokeTestMethods(Invoker.java:989)
at org.testng.internal.TestMethodWorker.invokeTestMethods(TestMethodWorker.java:125)
at org.testng.internal.TestMethodWorker.run(TestMethodWorker.java:109)
at org.testng.TestRunner.privateRun(TestRunner.java:648)
at org.testng.TestRunner.run(TestRunner.java:505)
at org.testng.SuiteRunner.runTest(SuiteRunner.java:455)
at org.testng.SuiteRunner.runSequentially(SuiteRunner.java:450)
at org.testng.SuiteRunner.privateRun(SuiteRunner.java:415)
at org.testng.SuiteRunner.run(SuiteRunner.java:364)
at org.testng.SuiteRunnerWorker.runSuite(SuiteRunnerWorker.java:52)
at org.testng.SuiteRunnerWorker.run(SuiteRunnerWorker.java:84)
at org.testng.TestNG.runSuitesSequentially(TestNG.java:1208)
at org.testng.TestNG.runSuitesLocally(TestNG.java:1137)
at org.testng.TestNG.runSuites(TestNG.java:1049)
at org.testng.TestNG.run(TestNG.java:1017)
at org.apache.maven.surefire.testng.TestNGExecutor.run(TestNGExecutor.java:295)
at org.apache.maven.surefire.testng.TestNGXmlTestSuite.execute(TestNGXmlTestSuite.java:84)
at org.apache.maven.surefire.testng.TestNGProvider.invoke(TestNGProvider.java:90)
at org.apache.maven.surefire.booter.ForkedBooter.invokeProviderInSameClassLoader(ForkedBooter.java:203)
at org.apache.maven.surefire.booter.ForkedBooter.runSuitesInProcess(ForkedBooter.java:155)
at org.apache.maven.surefire.booter.ForkedBooter.main(ForkedBooter.java:103)
]]>
            </full-stacktrace>
          </exception> <!-- java.lang.AssertionError -->
          <reporter-output>
          </reporter-output>
        </test-method> <!-- signUpTest -->
        <test-method status="PASS" signature="signUpTest(java.lang.String, java.lang.String, java.lang.String, java.lang.String, java.lang.String, java.lang.String, java.lang.String, java.lang.String, java.lang.String)[pri:0, instance:com.bookmyroom.testng.BookMyRoomTest@86be70a]" name="signUpTest" duration-ms="30714" started-at="2018-09-24T03:09:20Z" data-provider="SignUpSheetData" finished-at="2018-09-24T03:09:51Z">
          <params>
            <param index="0">
              <value>
                <![CDATA[TestCase_SignUp_6]]>
              </value>
            </param>
            <param index="1">
              <value>
                <![CDATA[Nikhil Reddy]]>
              </value>
            </param>
            <param index="2">
              <value>
                <![CDATA[nikhillllllll24@gmail.com]]>
              </value>
            </param>
            <param index="3">
              <value>
                <![CDATA[Aa24444]]>
              </value>
            </param>
            <param index="4">
              <value>
                <![CDATA[Qwerty#123]]>
              </value>
            </param>
            <param index="5">
              <value>
                <![CDATA[Male]]>
              </value>
            </param>
            <param index="6">
              <value>
                <![CDATA[22]]>
              </value>
            </param>
            <param index="7">
              <value>
                <![CDATA[9490222395]]>
              </value>
            </param>
            <param index="8">
              <value>
                <![CDATA[Oops...]]>
              </value>
            </param>
          </params>
          <reporter-output>
          </reporter-output>
        </test-method> <!-- signUpTest -->
        <test-method status="PASS" signature="afterTest()[pri:0, instance:com.bookmyroom.testng.BookMyRoomTest@86be70a]" name="afterTest" is-config="true" duration-ms="241" started-at="2018-09-24T03:09:51Z" finished-at="2018-09-24T03:09:51Z">
          <reporter-output>
          </reporter-output>
        </test-method> <!-- afterTest -->
        <test-method status="PASS" signature="afterSuite()[pri:0, instance:com.bookmyroom.testng.BookMyRoomTest@86be70a]" name="afterSuite" is-config="true" duration-ms="6950" started-at="2018-09-24T03:09:52Z" finished-at="2018-09-24T03:09:59Z">
          <reporter-output>
          </reporter-output>
        </test-method> <!-- afterSuite -->
      </class> <!-- com.bookmyroom.testng.BookMyRoomTest -->
    </test> <!-- Test -->
  </suite> <!-- Suite -->
</testng-results>
