<?xml version="1.0" encoding="UTF-8"?>
<testng-results skipped="0" failed="1" ignored="0" total="5" passed="4">
  <reporter-output>
  </reporter-output>
  <suite name="Default suite" duration-ms="182591" started-at="2018-09-24T07:55:02Z" finished-at="2018-09-24T07:58:05Z">
    <groups>
      <group name="User">
        <method signature="BookMyRoomTest.guestTest(java.lang.String, java.lang.String, java.lang.String, java.lang.String, java.lang.String, java.lang.String)[pri:0, instance:com.bookmyroom.testng.BookMyRoomTest@5e955596]" name="guestTest" class="com.bookmyroom.testng.BookMyRoomTest"/>
      </group> <!-- User -->
    </groups>
    <test name="Default test" duration-ms="182591" started-at="2018-09-24T07:55:02Z" finished-at="2018-09-24T07:58:05Z">
      <class name="com.bookmyroom.testng.BookMyRoomTest">
        <test-method status="PASS" signature="beforeTest()[pri:0, instance:com.bookmyroom.testng.BookMyRoomTest@5e955596]" name="beforeTest" is-config="true" duration-ms="3817" started-at="2018-09-24T07:55:02Z" finished-at="2018-09-24T07:55:06Z">
          <reporter-output>
          </reporter-output>
        </test-method> <!-- beforeTest -->
        <test-method status="PASS" signature="guestTest(java.lang.String, java.lang.String, java.lang.String, java.lang.String, java.lang.String, java.lang.String)[pri:0, instance:com.bookmyroom.testng.BookMyRoomTest@5e955596]" name="guestTest" duration-ms="37187" started-at="2018-09-24T07:55:07Z" data-provider="GuestSheetData" finished-at="2018-09-24T07:55:44Z">
          <params>
            <param index="0">
              <value>
                <![CDATA[TestCase_Search_1]]>
              </value>
            </param>
            <param index="1">
              <value>
                <![CDATA[Agra]]>
              </value>
            </param>
            <param index="2">
              <value>
                <![CDATA[09/24]]>
              </value>
            </param>
            <param index="3">
              <value>
                <![CDATA[09/25]]>
              </value>
            </param>
            <param index="4">
              <value>
                <![CDATA[Single-AC]]>
              </value>
            </param>
            <param index="5">
              <value>
                <![CDATA[Hotel The Taj Vilas ]]>
              </value>
            </param>
          </params>
          <reporter-output>
          </reporter-output>
        </test-method> <!-- guestTest -->
        <test-method status="FAIL" signature="guestTest(java.lang.String, java.lang.String, java.lang.String, java.lang.String, java.lang.String, java.lang.String)[pri:0, instance:com.bookmyroom.testng.BookMyRoomTest@5e955596]" name="guestTest" duration-ms="31286" started-at="2018-09-24T07:55:44Z" data-provider="GuestSheetData" finished-at="2018-09-24T07:56:16Z">
          <params>
            <param index="0">
              <value>
                <![CDATA[TestCase_Search_2]]>
              </value>
            </param>
            <param index="1">
              <value>
                <![CDATA[Bengaluru]]>
              </value>
            </param>
            <param index="2">
              <value>
                <![CDATA[09/25]]>
              </value>
            </param>
            <param index="3">
              <value>
                <![CDATA[09/26]]>
              </value>
            </param>
            <param index="4">
              <value>
                <![CDATA[Single-AC]]>
              </value>
            </param>
            <param index="5">
              <value>
                <![CDATA[Purple Lotus]]>
              </value>
            </param>
          </params>
          <exception class="java.lang.AssertionError">
            <message>
              <![CDATA[expected [false] but found [true]]]>
            </message>
            <full-stacktrace>
              <![CDATA[java.lang.AssertionError: expected [false] but found [true]
at org.testng.Assert.fail(Assert.java:96)
at org.testng.Assert.failNotEquals(Assert.java:776)
at org.testng.Assert.assertFalse(Assert.java:65)
at org.testng.Assert.assertFalse(Assert.java:75)
at com.bookmyroom.util.Reusable.verifyPresence(Reusable.java:163)
at com.bookmyroom.pages.SearchHotels.guestSearch(SearchHotels.java:148)
at com.bookmyroom.pages.GuestMode.guestSearch(GuestMode.java:45)
at com.bookmyroom.testng.BookMyRoomTest.guestTest(BookMyRoomTest.java:149)
at sun.reflect.NativeMethodAccessorImpl.invoke0(Native Method)
at sun.reflect.NativeMethodAccessorImpl.invoke(NativeMethodAccessorImpl.java:62)
at sun.reflect.DelegatingMethodAccessorImpl.invoke(DelegatingMethodAccessorImpl.java:43)
at java.lang.reflect.Method.invoke(Method.java:498)
at org.testng.internal.MethodInvocationHelper.invokeMethod(MethodInvocationHelper.java:124)
at org.testng.internal.Invoker.invokeMethod(Invoker.java:580)
at org.testng.internal.Invoker.invokeTestMethod(Invoker.java:716)
at org.testng.internal.Invoker.invokeTestMethods(Invoker.java:988)
at org.testng.internal.TestMethodWorker.invokeTestMethods(TestMethodWorker.java:125)
at org.testng.internal.TestMethodWorker.run(TestMethodWorker.java:109)
at org.testng.TestRunner.privateRun(TestRunner.java:648)
at org.testng.TestRunner.run(TestRunner.java:505)
at org.testng.SuiteRunner.runTest(SuiteRunner.java:455)
at org.testng.SuiteRunner.runSequentially(SuiteRunner.java:450)
at org.testng.SuiteRunner.privateRun(SuiteRunner.java:415)
at org.testng.SuiteRunner.run(SuiteRunner.java:364)
at org.testng.SuiteRunnerWorker.runSuite(SuiteRunnerWorker.java:52)
at org.testng.SuiteRunnerWorker.run(SuiteRunnerWorker.java:84)
at org.testng.TestNG.runSuitesSequentially(TestNG.java:1208)
at org.testng.TestNG.runSuitesLocally(TestNG.java:1137)
at org.testng.TestNG.runSuites(TestNG.java:1049)
at org.testng.TestNG.run(TestNG.java:1017)
at org.testng.remote.AbstractRemoteTestNG.run(AbstractRemoteTestNG.java:114)
at org.testng.remote.RemoteTestNG.initAndRun(RemoteTestNG.java:251)
at org.testng.remote.RemoteTestNG.main(RemoteTestNG.java:77)
]]>
            </full-stacktrace>
          </exception> <!-- java.lang.AssertionError -->
          <reporter-output>
          </reporter-output>
        </test-method> <!-- guestTest -->
        <test-method status="PASS" signature="guestTest(java.lang.String, java.lang.String, java.lang.String, java.lang.String, java.lang.String, java.lang.String)[pri:0, instance:com.bookmyroom.testng.BookMyRoomTest@5e955596]" name="guestTest" duration-ms="35840" started-at="2018-09-24T07:56:17Z" data-provider="GuestSheetData" finished-at="2018-09-24T07:56:53Z">
          <params>
            <param index="0">
              <value>
                <![CDATA[TestCase_Search_3]]>
              </value>
            </param>
            <param index="1">
              <value>
                <![CDATA[Agra]]>
              </value>
            </param>
            <param index="2">
              <value>
                <![CDATA[09/23]]>
              </value>
            </param>
            <param index="3">
              <value>
                <![CDATA[09/23]]>
              </value>
            </param>
            <param index="4">
              <value>
                <![CDATA[Single-AC]]>
              </value>
            </param>
            <param index="5">
              <value>
                <![CDATA[Checkout Date and CheckIn date Should not be same]]>
              </value>
            </param>
          </params>
          <reporter-output>
          </reporter-output>
        </test-method> <!-- guestTest -->
        <test-method status="PASS" signature="guestTest(java.lang.String, java.lang.String, java.lang.String, java.lang.String, java.lang.String, java.lang.String)[pri:0, instance:com.bookmyroom.testng.BookMyRoomTest@5e955596]" name="guestTest" duration-ms="35841" started-at="2018-09-24T07:56:53Z" data-provider="GuestSheetData" finished-at="2018-09-24T07:57:28Z">
          <params>
            <param index="0">
              <value>
                <![CDATA[TestCase_Search_4]]>
              </value>
            </param>
            <param index="1">
              <value>
                <![CDATA[Chennai]]>
              </value>
            </param>
            <param index="2">
              <value>
                <![CDATA[09/23]]>
              </value>
            </param>
            <param index="3">
              <value>
                <![CDATA[09/23]]>
              </value>
            </param>
            <param index="4">
              <value>
                <![CDATA[Single-AC]]>
              </value>
            </param>
            <param index="5">
              <value>
                <![CDATA[Checkout Date and CheckIn date Should not be same]]>
              </value>
            </param>
          </params>
          <reporter-output>
          </reporter-output>
        </test-method> <!-- guestTest -->
        <test-method status="PASS" signature="guestTest(java.lang.String, java.lang.String, java.lang.String, java.lang.String, java.lang.String, java.lang.String)[pri:0, instance:com.bookmyroom.testng.BookMyRoomTest@5e955596]" name="guestTest" duration-ms="36018" started-at="2018-09-24T07:57:28Z" data-provider="GuestSheetData" finished-at="2018-09-24T07:58:04Z">
          <params>
            <param index="0">
              <value>
                <![CDATA[TestCase_Search_5]]>
              </value>
            </param>
            <param index="1">
              <value>
                <![CDATA[Kolkata]]>
              </value>
            </param>
            <param index="2">
              <value>
                <![CDATA[09/24]]>
              </value>
            </param>
            <param index="3">
              <value>
                <![CDATA[09/23]]>
              </value>
            </param>
            <param index="4">
              <value>
                <![CDATA[Single-AC]]>
              </value>
            </param>
            <param index="5">
              <value>
                <![CDATA[Invalid Check In / Check Out Date]]>
              </value>
            </param>
          </params>
          <reporter-output>
          </reporter-output>
        </test-method> <!-- guestTest -->
        <test-method status="PASS" signature="afterTest()[pri:0, instance:com.bookmyroom.testng.BookMyRoomTest@5e955596]" name="afterTest" is-config="true" duration-ms="309" started-at="2018-09-24T07:58:04Z" finished-at="2018-09-24T07:58:05Z">
          <reporter-output>
          </reporter-output>
        </test-method> <!-- afterTest -->
        <test-method status="PASS" signature="afterSuite()[pri:0, instance:com.bookmyroom.testng.BookMyRoomTest@5e955596]" name="afterSuite" is-config="true" duration-ms="5379" started-at="2018-09-24T07:58:05Z" finished-at="2018-09-24T07:58:11Z">
          <reporter-output>
          </reporter-output>
        </test-method> <!-- afterSuite -->
      </class> <!-- com.bookmyroom.testng.BookMyRoomTest -->
    </test> <!-- Default test -->
  </suite> <!-- Default suite -->
</testng-results>
